<?xml version="1.0" encoding="UTF-8"?>
<TestRun id="054b46ef-b6d5-4629-9c29-55ad78b61fbc" name="249888@D790N0242 2012-09-13 17:40:31" runUser="BAYAD\249888" xmlns="http://microsoft.com/schemas/VisualStudio/TeamTest/2010">
  <TestSettings name="Local" id="8d012ad7-c033-4564-89fa-393be2493f34">
    <Description>These are default test settings for a local test run.</Description>
    <Deployment enabled="false" runDeploymentRoot="249888_D790N0242 2012-09-13 17_40_31">
      <DeploymentItem filename="D:\workspaces\SharedLib\log4net.dll" />
      <DeploymentItem filename="D:\workspaces\SharedLib\itextsharp.dll" />
      <DeploymentItem filename="D:\workspaces\2012\PDFUtility\PDFUtility\bin\Debug\PDFUtility.dll" />
    </Deployment>
    <Execution>
      <TestTypeSpecific />
      <AgentRule name="Execution Agents">
      </AgentRule>
    </Execution>
  </TestSettings>
  <Times creation="2012-09-13T17:40:31.7873312+07:00" queuing="2012-09-13T17:40:31.8342008+07:00" start="2012-09-13T17:40:31.8342008+07:00" finish="2012-09-13T17:40:32.2716504+07:00" />
  <ResultSummary outcome="Failed">
    <Counters total="1" executed="1" error="0" failed="1" timeout="0" aborted="0" inconclusive="0" passedButRunAborted="0" notRunnable="0" notExecuted="0" disconnected="0" warning="0" passed="0" completed="0" inProgress="0" pending="0" />
  </ResultSummary>
  <TestDefinitions>
    <UnitTest name="ApplySecurityTest" storage="d:\workspaces\2012\pdfutility\pdfutilityunittest\bin\debug\pdfutilityunittest.dll" id="7a425b1e-ee06-c5ac-7427-7b74e6178e70">
      <Execution id="8594dd3b-01f9-4e1c-a05e-0043309da3f5" />
      <TestMethod codeBase="D:/workspaces/2012/PDFUtility/PDFUtilityUnitTest/bin/Debug/PDFUtilityUnitTest.DLL" adapterTypeName="Microsoft.VisualStudio.TestTools.TestTypes.Unit.UnitTestAdapter, Microsoft.VisualStudio.QualityTools.Tips.UnitTest.Adapter, Version=10.0.0.0, Culture=neutral, PublicKeyToken=b03f5f7f11d50a3a" className="PDFUtilityUnitTest.SecurityPDFTest, PDFUtilityUnitTest, Version=1.0.0.0, Culture=neutral, PublicKeyToken=null" name="ApplySecurityTest" />
    </UnitTest>
  </TestDefinitions>
  <TestLists>
    <TestList name="Results Not in a List" id="8c84fa94-04c1-424b-9868-57a2d4851a1d" />
    <TestList name="All Loaded Results" id="19431567-8539-422a-85d7-44ee4e166bda" />
  </TestLists>
  <TestEntries>
    <TestEntry testId="7a425b1e-ee06-c5ac-7427-7b74e6178e70" executionId="8594dd3b-01f9-4e1c-a05e-0043309da3f5" testListId="8c84fa94-04c1-424b-9868-57a2d4851a1d" />
  </TestEntries>
  <Results>
    <UnitTestResult executionId="8594dd3b-01f9-4e1c-a05e-0043309da3f5" testId="7a425b1e-ee06-c5ac-7427-7b74e6178e70" testName="ApplySecurityTest" computerName="D790N0242" duration="00:00:00.1571266" startTime="2012-09-13T17:40:31.8342008+07:00" endTime="2012-09-13T17:40:32.1779112+07:00" testType="13cdc9d9-ddb5-4fa4-a97d-d965ccfc6d4b" outcome="Failed" testListId="8c84fa94-04c1-424b-9868-57a2d4851a1d" relativeResultsDirectory="8594dd3b-01f9-4e1c-a05e-0043309da3f5">
      <Output>
        <ErrorInfo>
          <Message>Test method PDFUtilityUnitTest.SecurityPDFTest.ApplySecurityTest threw exception: 
System.ArgumentException: 'Unicode (UTF-8)' is not a supported encoding name.
Parameter name: name</Message>
          <StackTrace>    at System.Globalization.EncodingTable.internalGetCodePageFromName(String name)
   at System.Globalization.EncodingTable.GetCodePageFromName(String name)
   at iTextSharp.text.xml.simpleparser.IanaEncodings.GetEncodingEncoding(String name)
   at iTextSharp.text.pdf.PdfEncodings.ConvertToBytes(String text, String encoding)
   at iTextSharp.text.pdf.Type1Font..ctor(String afmFile, String enc, Boolean emb, Byte[] ttfAfm, Byte[] pfb, Boolean forceRead)
   at iTextSharp.text.pdf.BaseFont.CreateFont(String name, String encoding, Boolean embedded, Boolean cached, Byte[] ttfAfm, Byte[] pfb, Boolean noThrow, Boolean forceRead)
   at iTextSharp.text.pdf.BaseFont.CreateFont(String name, String encoding, Boolean embedded)
   at PDFUtility.SecurityPDF..ctor(String source, String destination) in D:\workspaces\2012\PDFUtility\PDFUtility\SecurityPDF.cs:line 164
   at PDFUtilityUnitTest.SecurityPDFTest.ApplySecurityTest() in D:\workspaces\2012\PDFUtility\PDFUtilityUnitTest\SecurityPDFTest.cs:line 83
</StackTrace>
        </ErrorInfo>
      </Output>
    </UnitTestResult>
  </Results>
</TestRun>