<?xml version="1.0" encoding="UTF-8"?>
<TestRun id="6faad162-6a33-4a5d-b02a-742fc642cc4c" name="249888@D790N0242 2012-09-14 09:28:46" runUser="BAYAD\249888" xmlns="http://microsoft.com/schemas/VisualStudio/TeamTest/2010">
  <TestSettings name="Local" id="8d012ad7-c033-4564-89fa-393be2493f34">
    <Description>These are default test settings for a local test run.</Description>
    <Deployment enabled="false" runDeploymentRoot="249888_D790N0242 2012-09-14 09_28_46">
      <DeploymentItem filename="D:\workspaces\SharedLib\log4net.dll" />
      <DeploymentItem filename="D:\workspaces\SharedLib\itextsharp.dll" />
      <DeploymentItem filename="D:\workspaces\2012\PDFUtility\PDFUtility\bin\Debug\PDFUtility.dll" />
    </Deployment>
    <Execution>
      <TestTypeSpecific />
      <AgentRule name="Execution Agents">
      </AgentRule>
    </Execution>
  </TestSettings>
  <Times creation="2012-09-14T09:28:46.3685555+07:00" queuing="2012-09-14T09:28:46.4934459+07:00" start="2012-09-14T09:28:46.4934459+07:00" finish="2012-09-14T09:28:47.1491205+07:00" />
  <ResultSummary outcome="Completed">
    <Counters total="1" executed="1" passed="1" error="0" failed="0" timeout="0" aborted="0" inconclusive="0" passedButRunAborted="0" notRunnable="0" notExecuted="0" disconnected="0" warning="0" completed="0" inProgress="0" pending="0" />
  </ResultSummary>
  <TestDefinitions>
    <UnitTest name="ApplySecurityTest" storage="d:\workspaces\2012\pdfutility\pdfutilityunittest\bin\debug\pdfutilityunittest.dll" id="7a425b1e-ee06-c5ac-7427-7b74e6178e70">
      <Execution id="61137fa9-7b82-4bf6-aa53-a6bad89cef3f" />
      <TestMethod codeBase="D:/workspaces/2012/PDFUtility/PDFUtilityUnitTest/bin/Debug/PDFUtilityUnitTest.DLL" adapterTypeName="Microsoft.VisualStudio.TestTools.TestTypes.Unit.UnitTestAdapter, Microsoft.VisualStudio.QualityTools.Tips.UnitTest.Adapter, Version=10.0.0.0, Culture=neutral, PublicKeyToken=b03f5f7f11d50a3a" className="PDFUtilityUnitTest.SecurityPDFTest, PDFUtilityUnitTest, Version=1.0.0.0, Culture=neutral, PublicKeyToken=null" name="ApplySecurityTest" />
    </UnitTest>
  </TestDefinitions>
  <TestLists>
    <TestList name="Results Not in a List" id="8c84fa94-04c1-424b-9868-57a2d4851a1d" />
    <TestList name="All Loaded Results" id="19431567-8539-422a-85d7-44ee4e166bda" />
  </TestLists>
  <TestEntries>
    <TestEntry testId="7a425b1e-ee06-c5ac-7427-7b74e6178e70" executionId="61137fa9-7b82-4bf6-aa53-a6bad89cef3f" testListId="8c84fa94-04c1-424b-9868-57a2d4851a1d" />
  </TestEntries>
  <Results>
    <UnitTestResult executionId="61137fa9-7b82-4bf6-aa53-a6bad89cef3f" testId="7a425b1e-ee06-c5ac-7427-7b74e6178e70" testName="ApplySecurityTest" computerName="D790N0242" duration="00:00:00.4127217" startTime="2012-09-14T09:28:46.5558911+07:00" endTime="2012-09-14T09:28:47.1178979+07:00" testType="13cdc9d9-ddb5-4fa4-a97d-d965ccfc6d4b" outcome="Passed" testListId="8c84fa94-04c1-424b-9868-57a2d4851a1d" relativeResultsDirectory="61137fa9-7b82-4bf6-aa53-a6bad89cef3f">
      <Output>
        <StdOut>Object disposed.</StdOut>
        <DebugTrace>PDFUtility.SecurityPDF: 2012-09-14 09:28:46,946 [Agent: adapter run thread for test 'ApplySecurityTest' with id '61137fa9-7b82-4bf6-aa53-a6bad89cef3f'] DEBUG PDFUtility.SecurityPDF (null) (null) - -------------------------------
PDFUtility.SecurityPDF: 2012-09-14 09:28:46,961 [Agent: adapter run thread for test 'ApplySecurityTest' with id '61137fa9-7b82-4bf6-aa53-a6bad89cef3f'] DEBUG PDFUtility.SecurityPDF (null) (null) - pageWidth == 0f &amp;&amp; pageHiehgt == 0f
PDFUtility.SecurityPDF: 2012-09-14 09:28:46,961 [Agent: adapter run thread for test 'ApplySecurityTest' with id '61137fa9-7b82-4bf6-aa53-a6bad89cef3f'] DEBUG PDFUtility.SecurityPDF (null) (null) - pageSize.Width : 841.8
PDFUtility.SecurityPDF: 2012-09-14 09:28:46,961 [Agent: adapter run thread for test 'ApplySecurityTest' with id '61137fa9-7b82-4bf6-aa53-a6bad89cef3f'] DEBUG PDFUtility.SecurityPDF (null) (null) - pageSize.Height : 595.2
PDFUtility.SecurityPDF: 2012-09-14 09:28:46,961 [Agent: adapter run thread for test 'ApplySecurityTest' with id '61137fa9-7b82-4bf6-aa53-a6bad89cef3f'] DEBUG PDFUtility.SecurityPDF (null) (null) - textAngle : 35.26246
PDFUtility.SecurityPDF: 2012-09-14 09:28:46,961 [Agent: adapter run thread for test 'ApplySecurityTest' with id '61137fa9-7b82-4bf6-aa53-a6bad89cef3f'] DEBUG PDFUtility.SecurityPDF (null) (null) - -------------------------------
PDFUtility.SecurityPDF: 2012-09-14 09:28:46,961 [Agent: adapter run thread for test 'ApplySecurityTest' with id '61137fa9-7b82-4bf6-aa53-a6bad89cef3f'] DEBUG PDFUtility.SecurityPDF (null) (null) - 
</DebugTrace>
      </Output>
    </UnitTestResult>
  </Results>
</TestRun>