<?xml version="1.0" encoding="UTF-8"?>
<TestRun id="39d1286c-aec1-42f3-a775-49cbf0231dc5" name="249888@D790N0242 2012-09-13 17:33:00" runUser="BAYAD\249888" xmlns="http://microsoft.com/schemas/VisualStudio/TeamTest/2010">
  <TestSettings name="Local" id="8d012ad7-c033-4564-89fa-393be2493f34">
    <Description>These are default test settings for a local test run.</Description>
    <Deployment enabled="false" runDeploymentRoot="249888_D790N0242 2012-09-13 17_33_00">
      <DeploymentItem filename="D:\workspaces\SharedLib\log4net.dll" />
      <DeploymentItem filename="D:\workspaces\SharedLib\itextsharp.dll" />
      <DeploymentItem filename="D:\workspaces\2012\PDFUtility\PDFUtility\bin\Debug\PDFUtility.dll" />
    </Deployment>
    <Execution>
      <TestTypeSpecific />
      <AgentRule name="Execution Agents">
      </AgentRule>
    </Execution>
  </TestSettings>
  <Times creation="2012-09-13T17:33:00.8503824+07:00" queuing="2012-09-13T17:33:00.8972604+07:00" start="2012-09-13T17:33:00.8972604+07:00" finish="2012-09-13T17:33:01.7723164+07:00" />
  <ResultSummary outcome="Failed">
    <Counters total="1" executed="1" error="0" failed="1" timeout="0" aborted="0" inconclusive="0" passedButRunAborted="0" notRunnable="0" notExecuted="0" disconnected="0" warning="0" passed="0" completed="0" inProgress="0" pending="0" />
  </ResultSummary>
  <TestDefinitions>
    <UnitTest name="ApplySecurityTest" storage="d:\workspaces\2012\pdfutility\pdfutilityunittest\bin\debug\pdfutilityunittest.dll" id="7a425b1e-ee06-c5ac-7427-7b74e6178e70">
      <Execution id="fed3ee42-a056-40a0-bb25-9d5dd837dd59" />
      <TestMethod codeBase="D:/workspaces/2012/PDFUtility/PDFUtilityUnitTest/bin/Debug/PDFUtilityUnitTest.DLL" adapterTypeName="Microsoft.VisualStudio.TestTools.TestTypes.Unit.UnitTestAdapter, Microsoft.VisualStudio.QualityTools.Tips.UnitTest.Adapter, Version=10.0.0.0, Culture=neutral, PublicKeyToken=b03f5f7f11d50a3a" className="PDFUtilityUnitTest.SecurityPDFTest, PDFUtilityUnitTest, Version=1.0.0.0, Culture=neutral, PublicKeyToken=null" name="ApplySecurityTest" />
    </UnitTest>
  </TestDefinitions>
  <TestLists>
    <TestList name="Results Not in a List" id="8c84fa94-04c1-424b-9868-57a2d4851a1d" />
    <TestList name="All Loaded Results" id="19431567-8539-422a-85d7-44ee4e166bda" />
  </TestLists>
  <TestEntries>
    <TestEntry testId="7a425b1e-ee06-c5ac-7427-7b74e6178e70" executionId="fed3ee42-a056-40a0-bb25-9d5dd837dd59" testListId="8c84fa94-04c1-424b-9868-57a2d4851a1d" />
  </TestEntries>
  <Results>
    <UnitTestResult executionId="fed3ee42-a056-40a0-bb25-9d5dd837dd59" testId="7a425b1e-ee06-c5ac-7427-7b74e6178e70" testName="ApplySecurityTest" computerName="D790N0242" duration="00:00:00.2143775" startTime="2012-09-13T17:33:00.8972604+07:00" endTime="2012-09-13T17:33:01.2879104+07:00" testType="13cdc9d9-ddb5-4fa4-a97d-d965ccfc6d4b" outcome="Failed" testListId="8c84fa94-04c1-424b-9868-57a2d4851a1d" relativeResultsDirectory="fed3ee42-a056-40a0-bb25-9d5dd837dd59">
      <Output>
        <ErrorInfo>
          <Message>Test method PDFUtilityUnitTest.SecurityPDFTest.ApplySecurityTest threw exception: 
iTextSharp.text.DocumentException: Font 'Tahoma' with 'US-ASCII' is not recognized.</Message>
          <StackTrace>    at iTextSharp.text.pdf.BaseFont.CreateFont(String name, String encoding, Boolean embedded, Boolean cached, Byte[] ttfAfm, Byte[] pfb, Boolean noThrow, Boolean forceRead)
   at iTextSharp.text.pdf.BaseFont.CreateFont(String name, String encoding, Boolean embedded)
   at PDFUtility.SecurityPDF..ctor(String source, String destination) in D:\workspaces\2012\PDFUtility\PDFUtility\SecurityPDF.cs:line 164
   at PDFUtilityUnitTest.SecurityPDFTest.ApplySecurityTest() in D:\workspaces\2012\PDFUtility\PDFUtilityUnitTest\SecurityPDFTest.cs:line 83
</StackTrace>
        </ErrorInfo>
      </Output>
    </UnitTestResult>
  </Results>
</TestRun>