<?xml version="1.0" encoding="UTF-8"?>
<TestRun id="5e972575-e3f1-407b-bbc5-9b44edefb419" name="249888@D790N0242 2012-09-13 16:03:24" runUser="BAYAD\249888" xmlns="http://microsoft.com/schemas/VisualStudio/TeamTest/2010">
  <TestSettings name="Local" id="8d012ad7-c033-4564-89fa-393be2493f34">
    <Description>These are default test settings for a local test run.</Description>
    <Deployment enabled="false" runDeploymentRoot="249888_D790N0242 2012-09-13 16_03_24">
      <DeploymentItem filename="D:\workspaces\SharedLib\log4net.dll" />
      <DeploymentItem filename="D:\workspaces\SharedLib\itextsharp.dll" />
      <DeploymentItem filename="D:\workspaces\2012\PDFUtility\PDFUtility\bin\Debug\PDFUtility.dll" />
    </Deployment>
    <Execution>
      <TestTypeSpecific />
      <AgentRule name="Execution Agents">
      </AgentRule>
    </Execution>
  </TestSettings>
  <Times creation="2012-09-13T16:03:24.4071226+07:00" queuing="2012-09-13T16:03:24.4696050+07:00" start="2012-09-13T16:03:24.4696050+07:00" finish="2012-09-13T16:03:25.4537028+07:00" />
  <ResultSummary outcome="Failed">
    <Counters total="1" executed="1" error="0" failed="1" timeout="0" aborted="0" inconclusive="0" passedButRunAborted="0" notRunnable="0" notExecuted="0" disconnected="0" warning="0" passed="0" completed="0" inProgress="0" pending="0" />
  </ResultSummary>
  <TestDefinitions>
    <UnitTest name="Convert2PDFTest" storage="d:\workspaces\2012\pdfutility\pdfutilityunittest\bin\debug\pdfutilityunittest.dll" id="db3d1d1b-2596-b240-2d89-f52f34a4ebae">
      <Execution id="28600a9f-b59e-48bb-8a26-bdeaf6265280" />
      <TestMethod codeBase="D:/workspaces/2012/PDFUtility/PDFUtilityUnitTest/bin/Debug/PDFUtilityUnitTest.DLL" adapterTypeName="Microsoft.VisualStudio.TestTools.TestTypes.Unit.UnitTestAdapter, Microsoft.VisualStudio.QualityTools.Tips.UnitTest.Adapter, Version=10.0.0.0, Culture=neutral, PublicKeyToken=b03f5f7f11d50a3a" className="PDFUtilityUnitTest.HTML2PDFTest, PDFUtilityUnitTest, Version=1.0.0.0, Culture=neutral, PublicKeyToken=null" name="Convert2PDFTest" />
    </UnitTest>
  </TestDefinitions>
  <TestLists>
    <TestList name="Results Not in a List" id="8c84fa94-04c1-424b-9868-57a2d4851a1d" />
    <TestList name="All Loaded Results" id="19431567-8539-422a-85d7-44ee4e166bda" />
  </TestLists>
  <TestEntries>
    <TestEntry testId="db3d1d1b-2596-b240-2d89-f52f34a4ebae" executionId="28600a9f-b59e-48bb-8a26-bdeaf6265280" testListId="8c84fa94-04c1-424b-9868-57a2d4851a1d" />
  </TestEntries>
  <Results>
    <UnitTestResult executionId="28600a9f-b59e-48bb-8a26-bdeaf6265280" testId="db3d1d1b-2596-b240-2d89-f52f34a4ebae" testName="Convert2PDFTest" computerName="D790N0242" duration="00:00:00.5657735" startTime="2012-09-13T16:03:24.4852256+07:00" endTime="2012-09-13T16:03:25.2193938+07:00" testType="13cdc9d9-ddb5-4fa4-a97d-d965ccfc6d4b" outcome="Failed" testListId="8c84fa94-04c1-424b-9868-57a2d4851a1d" relativeResultsDirectory="28600a9f-b59e-48bb-8a26-bdeaf6265280">
      <Output>
        <DebugTrace>PDFUtility.HTML2PDF: 2012-09-13 16:03:25,031 [Agent: adapter run thread for test 'Convert2PDFTest' with id '28600a9f-b59e-48bb-8a26-bdeaf6265280'] DEBUG PDFUtility.HTML2PDF (null) (null) - &lt;!doctype html&gt;&lt;html itemscope="itemscope" itemtype="http://schema.org/WebPage"&gt;&lt;head&gt;&lt;meta itemprop="image" content="/images/google_favicon_128.png"&gt;&lt;title&gt;Google&lt;/title&gt;&lt;script&gt;window.google={kEI:"XqFRULSgB4nQrQe854HgCA",getEI:function(a){var b;while(a&amp;&amp;!(a.getAttribute&amp;&amp;(b=a.getAttribute("eid"))))a=a.parentNode;return b||google.kEI},https:function(){return window.location.protocol=="https:"},kEXPI:"25657,30316,39523,39978,4000116,4000293,4000354,4000472,4000518,4000545,4000553,4000593,4000741,4000783,4000824,4000841",kCSI:{e:"25657,30316,39523,39978,4000116,4000293,4000354,4000472,4000518,4000545,4000553,4000593,4000741,4000783,4000824,4000841",ei:"XqFRULSgB4nQrQe854HgCA"},authuser:0,
ml:function(){},kHL:"th",time:function(){return(new Date).getTime()},log:function(a,b,c,e){var d=new Image,h=google,i=h.lc,f=h.li,j="";d.onerror=(d.onload=(d.onabort=function(){delete i[f]}));i[f]=d;if(!c&amp;&amp;b.search("&amp;ei=")==-1)j="&amp;ei="+google.getEI(e);var g=c||"/gen_204?atyp=i&amp;ct="+a+"&amp;cad="+b+j+"&amp;zx="+google.time();
var k=/^http:/i;if(k.test(g)&amp;&amp;google.https()){google.ml(new Error("GLMM"),false,{src:g});delete i[f];return}d.src=g;h.li=f+1},lc:[],li:0,Toolbelt:{},y:{},x:function(a,b){google.y[a.id]=[a,b];return false}};

window.google.sn="webhp";window.google.timers={};window.google.startTick=function(a,b){window.google.timers[a]={t:{start:(new Date).getTime()},bfr:!(!b)}};window.google.tick=function(a,b,c){if(!window.google.timers[a])google.startTick(a);window.google.timers[a].t[b]=c||(new Date).getTime()};google.startTick("load",true);try{}catch(u){}
var _gjwl=location;function _gjuc(){var e=_gjwl.href.indexOf("#");if(e&gt;=0){var a=_gjwl.href.substring(e);if(a.indexOf("&amp;q=")&gt;0||a.indexOf("#q=")&gt;=0){a=a.substring(1);if(a.indexOf("#")==-1){for(var c=0;c&lt;a.length;){var d=c;if(a.charAt(d)=="&amp;")++d;var b=a.indexOf("&amp;",d);if(b==-1)b=a.length;var f=a.substring(d,b);if(f.indexOf("fp=")==0){a=a.substring(0,c)+a.substring(b,a.length);b=c}else if(f=="cad=h")return 0;c=b}_gjwl.href="/search?"+a+"&amp;cad=h";return 1}}}return 0}function _gjp(){!(window._gjwl.hash&amp;&amp;
window._gjuc())&amp;&amp;setTimeout(_gjp,500)};
window._gjp&amp;&amp;_gjp();&lt;/script&gt;&lt;style&gt;#gb{font:13px/27px Arial,sans-serif;height:30px}#gbz,#gbg{position:absolute;white-space:nowrap;top:0;height:30px;z-index:1000}#gbz{left:0;padding-left:4px}#gbg{right:0;padding-right:5px}#gbs{background:transparent;position:absolute;top:-999px;visibility:hidden;z-index:998}.gbto #gbs{background:#fff}#gbx3,#gbx4{background-color:#2d2d2d;background-image:none;_background-image:none;background-position:0 -138px;background-repeat:repeat-x;border-bottom:1px solid #000;font-size:24px;height:29px;_height:30px;opacity:1;filter:alpha(opacity=100);position:absolute;top:0;width:100%;z-index:990}#gbx3{left:0}#gbx4{right:0}#gbb{position:relative}#gbbw{right:0;left:0;position:absolute;top:30px;width:100%}.gbtcb{position:absolute;visibility:hidden}#gbz .gbtcb{right:0}#gbg .gbtcb{left:0}.gbxx{display:none !important}.gbxo{opacity:0 !important;filter:alpha(opacity=0) !important}.gbm{position:absolute;z-index:999;top:-999px;visibility:hidden;text-align:left;border:1px solid #bebebe;background:#fff;-moz-box-shadow:-1px 1px 1px rgba(0,0,0,.2);-webkit-box-shadow:0 2px 4px rgba(0,0,0,.2);box-shadow:0 2px 4px rgba(0,0,0,.2)}.gbrtl .gbm{-moz-box-shadow:1px 1px 1px rgba(0,0,0,.2)}.gbto .gbm,.gbto #gbs{top:29px;visibility:visible}#gbz .gbm,#gbz #gbs{left:0}#gbg .gbm,#gbg #gbs{right:0}.gbxms{background-color:#ccc;display:block;position:absolute;z-index:1;top:-1px;left:-2px;right:-2px;bottom:-2px;opacity:.4;-moz-border-radius:3px;filter:progid:DXImageTransform.Microsoft.Blur(pixelradius=5);*opacity:1;*top:-2px;*left:-5px;*right:5px;*bottom:4px;-ms-filter:"progid:DXImageTransform.Microsoft.Blur(pixelradius=5)";opacity:1\0/;top:-4px\0/;left:-6px\0/;right:5px\0/;bottom:4px\0/}.gbma{position:relative;top:-1px;border-style:solid dashed dashed;border-color:transparent;border-top-color:#c0c0c0;display:-moz-inline-box;display:inline-block;font-size:0;height:0;line-height:0;width:0;border-width:3px 3px 0;padding-top:1px;left:4px}#gbztms1,#gbi4m1,#gbi4s,#gbi4t{zoom:1}.gbtc,.gbmc,.gbmcc{display:block;list-style:none;margin:0;padding:0}.gbmc{background:#fff;padding:10px 0;position:relative;z-index:2;zoom:1}.gbt{position:relative;display:-moz-inline-box;display:inline-block;line-height:27px;padding:0;vertical-align:top}.gbt{*display:inline}.gbto{box-shadow:0 2px 4px rgba(0,0,0,.2);-moz-box-shadow:0 2px 4px rgba(0,0,0,.2);-webkit-box-shadow:0 2px 4px rgba(0,0,0,.2)}.gbzt,.gbgt{cursor:pointer;display:block;text-decoration:none !important}span#gbg6,span#gbg4{cursor:default}.gbts{border-left:1px solid transparent;border-right:1px solid transparent;display:block;*display:inline-block;padding:0 5px;position:relative;z-index:1000}.gbts{*display:inline}.gbto .gbts{background:#fff;border-color:#bebebe;color:#36c;padding-bottom:1px;padding-top:2px}.gbz0l .gbts{color:#fff;font-weight:bold}.gbtsa{padding-right:9px}#gbz .gbzt,#gbz .gbgt,#gbg .gbgt{color:#ccc!important}.gbtb2{display:block;border-top:2px solid transparent}.gbto .gbzt .gbtb2,.gbto .gbgt .gbtb2{border-top-width:0}.gbtb .gbts{background:url(//ssl.gstatic.com/gb/images/b_8d5afc09.png);_background:url(//ssl.gstatic.com/gb/images/b8_3615d64d.png);background-position:-27px -22px;border:0;font-size:0;padding:29px 0 0;*padding:27px 0 0;width:1px}.gbzt-hvr,.gbzt:focus,.gbgt-hvr,.gbgt:focus{background-color:#4c4c4c;background-image:none;_background-image:none;background-position:0 -102px;background-repeat:repeat-x;outline:none;text-decoration:none !important}.gbpdjs .gbto .gbm{min-width:99%}.gbz0l .gbtb2{border-top-color:#dd4b39!important}#gbi4s,#gbi4s1{font-weight:bold}#gbg6.gbgt-hvr,#gbg6.gbgt:focus{background-color:transparent;background-image:none}.gbg4a{font-size:0;line-height:0}.gbg4a .gbts{padding:27px 5px 0;*padding:25px 5px 0}.gbto .gbg4a .gbts{padding:29px 5px 1px;*padding:27px 5px 1px}#gbi4i,#gbi4id{left:5px;border:0;height:24px;position:absolute;top:1px;width:24px}.gbto #gbi4i,.gbto #gbi4id{top:3px}.gbi4p{display:block;width:24px}#gbi4id{background-position:-44px -101px}#gbmpid{background-position:0 0}#gbmpi,#gbmpid{border:none;display:inline-block;height:48px;width:48px}#gbmpiw{display:inline-block;line-height:9px;margin-left:20px;margin-top:10px;position:relative}#gbmpi,#gbmpid,#gbmpiw{*display:inline}#gbg5{font-size:0}#gbgs5{padding:5px !important}.gbto #gbgs5{padding:7px 5px 6px !important}#gbi5{background:url(//ssl.gstatic.com/gb/images/b_8d5afc09.png);_background:url(//ssl.gstatic.com/gb/images/b8_3615d64d.png);background-position:0 0;display:block;font-size:0;height:17px;width:16px}.gbto #gbi5{background-position:-6px -22px}.gbn .gbmt,.gbn .gbmt:visited,.gbnd .gbmt,.gbnd .gbmt:visited{color:#dd8e27 !important}.gbf .gbmt,.gbf .gbmt:visited{color:#900 !important}.gbmt,.gbml1,.gbmlb,.gbmt:visited,.gbml1:visited,.gbmlb:visited{color:#36c !important;text-decoration:none !important}.gbmt,.gbmt:visited{display:block}.gbml1,.gbmlb,.gbml1:visited,.gbmlb:visited{display:inline-block;margin:0 10px}.gbml1,.gbmlb,.gbml1:visited,.gbmlb:visited{*display:inline}.gbml1,.gbml1:visited{padding:0 10px}.gbml1-hvr,.gbml1:focus{outline:none;text-decoration:underline !important}#gbpm .gbml1{display:inline;margin:0;padding:0;white-space:nowrap}.gbmlb,.gbmlb:visited{line-height:27px}.gbmlb-hvr,.gbmlb:focus{outline:none;text-decoration:underline !important}.gbmlbw{color:#ccc;margin:0 10px}.gbmt{padding:0 20px}.gbmt-hvr,.gbmt:focus{background:#eee;cursor:pointer;outline:0 solid black;text-decoration:none !important}.gbm0l,.gbm0l:visited{color:#000 !important;font-weight:bold}.gbmh{border-top:1px solid #bebebe;font-size:0;margin:10px 0}#gbd4 .gbmc{background:#f5f5f5;padding-top:0}#gbd4 .gbsbic::-webkit-scrollbar-track:vertical{background-color:#f5f5f5;margin-top:2px}#gbmpdv{background:#fff;border-bottom:1px solid #bebebe;-moz-box-shadow:0 2px 4px rgba(0,0,0,.12);-o-box-shadow:0 2px 4px rgba(0,0,0,.12);-webkit-box-shadow:0 2px 4px rgba(0,0,0,.12);box-shadow:0 2px 4px rgba(0,0,0,.12);position:relative;z-index:1}#gbd4 .gbmh{margin:0}.gbmtc{padding:0;margin:0;line-height:27px}.GBMCC:last-child:after,#GBMPAL:last-child:after{content:'\0A\0A';white-space:pre;position:absolute}#gbmps{*zoom:1}#gbd4 .gbpc,#gbmpas .gbmt{line-height:17px}#gbd4 .gbpgs .gbmtc{line-height:27px}#gbd4 .gbmtc{border-bottom:1px solid #bebebe}#gbd4 .gbpc{display:inline-block;margin:16px 0 10px;margin-right:50px;vertical-align:top}#gbd4 .gbpc{*display:inline}.gbpc .gbps,.gbpc .gbps2{display:block;margin:0 20px}#gbmplp.gbps{margin:0 10px}.gbpc .gbps{color:#000;font-weight:bold}.gbpc .gbpd{margin-bottom:5px}.gbpd .gbmt,.gbpd .gbps{color:#666 !important}.gbpd .gbmt{opacity:.4;filter:alpha(opacity=40)}.gbps2{color:#666;display:block}.gbp0{display:none}.gbp0 .gbps2{font-weight:bold}#gbd4 .gbmcc{margin-top:5px}.gbpmc{background:#fef9db}.gbpmc .gbmt{padding:10px 20px}#gbpm{*border-collapse:collapse;border-spacing:0;margin:0;white-space:normal}#gbpm .gbmt{border-top:none;color:#000 !important;font:11px Arial,sans-serif}#gbpms{*white-space:nowrap}.gbpms2{font-weight:bold;white-space:nowrap}#gbmpal{*border-collapse:collapse;border-spacing:0;margin:0;white-space:nowrap;width:100%}.gbmpala,.gbmpalb{font:13px Arial,sans-serif;line-height:27px;padding:10px 20px 0;white-space:nowrap}.gbmpala{padding-left:0;text-align:left}.gbmpalb{padding-right:0;text-align:right}#gbmpasb .gbps{color:#000}#gbmpal .gbqfbb{margin:0 20px}.gbp0 .gbps{*display:inline}.gbiba{margin:8px 20px 10px}.gbmpiaw{display:inline-block;margin-right:10px;margin-bottom:6px;margin-top:10px}.gbxv{visibility:hidden}.gbmpiaa{display:block;margin-top:10px}.gbmpia{border:none;display:block;height:48px;width:48px}.gbmpnw{display:inline-block;height:auto;margin:16px 0 18px;vertical-align:top}.gbqfb,.gbqfba,.gbqfbb{-moz-border-radius:2px;-webkit-border-radius:2px;border-radius:2px;cursor:default !important;display:inline-block;font-weight:bold;height:29px;line-height:29px;min-width:54px;*min-width:70px;padding:0 8px;text-align:center;text-decoration:none !important;-moz-user-select:none;-webkit-user-select:none}.gbqfb:focus,.gbqfba:focus,.gbqfbb:focus{border:1px solid #4d90fe;-moz-box-shadow:inset 0 0 0 1px rgba(255,255,255,.5);-webkit-box-shadow:inset 0 0 0 1px rgba(255,255,255,.5);box-shadow:inset 0 0 0 1px rgba(255,255,255,.5);outline:none}#gbqfb.gbqfb-no-focus{border:1px solid #3079ed;-moz-box-shadow:none;-webkit-box-shadow:none;box-shadow:none}.gbqfb-hvr:focus,.gbqfba-hvr:focus,.gbqfbb-hvr:focus{-webkit-box-shadow:inset 0 0 0 1px #fff,0 1px 1px rgba(0,0,0,.1);-moz-box-shadow:inset 0 0 0 1px #fff,0 1px 1px rgba(0,0,0,.1);box-shadow:inset 0 0 0 1px #fff,0 1px 1px rgba(0,0,0,.1)}.gbqfb-hvr,.gbqfba-hvr,.gbqfbb-hvr{-webkit-box-shadow:0 1px 1px rgba(0,0,0,.1);-moz-box-shadow:0 1px 1px rgba(0,0,0,.1);box-shadow:0 1px 1px rgba(0,0,0,.1)}.gbqfb::-moz-focus-inner,.gbqfba::-moz-focus-inner,.gbqfbb::-moz-focus-inner{border:0}.gbqfba,.gbqfbb{border:1px solid #dcdcdc;border-color:rgba(0,0,0,.1);color:#444 !important;font-size:11px}.gbqfb{background-color:#4d90fe;background-image:-webkit-gradient(linear,left top,left bottom,from(#4d90fe),to(#4787ed));background-image:-webkit-linear-gradient(top,#4d90fe,#4787ed);background-image:-moz-linear-gradient(top,#4d90fe,#4787ed);background-image:-ms-linear-gradient(top,#4d90fe,#4787ed);background-image:-o-linear-gradient(top,#4d90fe,#4787ed);background-image:linear-gradient(top,#4d90fe,#4787ed);filter:progid:DXImageTransform.Microsoft.gradient(startColorStr='#4d90fe',EndColorStr='#4787ed');border:1px solid #3079ed;color:#fff !important}.gbqfb-hvr,.gbqfb-hvr:focus{border-color:#2f5bb7;background-color:#357ae8;background-image:-webkit-gradient(linear,left top,left bottom,from(#4d90fe),to(#357ae8));background-image:-webkit-linear-gradient(top,#4d90fe,#357ae8);background-image:-moz-linear-gradient(top,#4d90fe,#357ae8);background-image:-ms-linear-gradient(top,#4d90fe,#357ae8);background-image:-o-linear-gradient(top,#4d90fe,#357ae8);background-image:linear-gradient(top,#4d90fe,#357ae8)}.gbqfb:active{-webkit-box-shadow:inset 0 1px 2px rgba(0,0,0,.3);-moz-box-shadow:inset 0 1px 2px rgba(0,0,0,.3);box-shadow:inset 0 1px 2px rgba(0,0,0,.3)}.gbqfba{background-color:#f5f5f5;background-image:-webkit-gradient(linear,left top,left bottom,from(#f5f5f5),to(#f1f1f1));background-image:-webkit-linear-gradient(top,#f5f5f5,#f1f1f1);background-image:-moz-linear-gradient(top,#f5f5f5,#f1f1f1);background-image:-ms-linear-gradient(top,#f5f5f5,#f1f1f1);background-image:-o-linear-gradient(top,#f5f5f5,#f1f1f1);background-image:linear-gradient(top,#f5f5f5,#f1f1f1);filter:progid:DXImageTransform.Microsoft.gradient(startColorStr='#f5f5f5',EndColorStr='#f1f1f1')}.gbqfba-hvr,.gbqfba-hvr:active{background-color:#f8f8f8;background-image:-webkit-gradient(linear,left top,left bottom,from(#f8f8f8),to(#f1f1f1));background-image:-webkit-linear-gradient(top,#f8f8f8,#f1f1f1);background-image:-moz-linear-gradient(top,#f8f8f8,#f1f1f1);background-image:-ms-linear-gradient(top,#f8f8f8,#f1f1f1);background-image:-o-linear-gradient(top,#f8f8f8,#f1f1f1);background-image:linear-gradient(top,#f8f8f8,#f1f1f1);filter:progid:DXImageTransform.Microsoft.gradient(startColorStr='#f8f8f8',EndColorStr='#f1f1f1')}.gbqfbb{background-color:#fff;background-image:-webkit-gradient(linear,left top,left bottom,from(#fff),to(#fbfbfb));background-image:-webkit-linear-gradient(top,#fff,#fbfbfb);background-image:-moz-linear-gradient(top,#fff,#fbfbfb);background-image:-ms-linear-gradient(top,#fff,#fbfbfb);background-image:-o-linear-gradient(top,#fff,#fbfbfb);background-image:linear-gradient(top,#fff,#fbfbfb);filter:progid:DXImageTransform.Microsoft.gradient(startColorStr='#ffffff',EndColorStr='#fbfbfb')}.gbqfbb-hvr,.gbqfbb-hvr:active{background-color:#fff;background-image:-webkit-gradient(linear,left top,left bottom,from(#fff),to(#f8f8f8));background-image:-webkit-linear-gradient(top,#fff,#f8f8f8);background-image:-moz-linear-gradient(top,#fff,#f8f8f8);background-image:-ms-linear-gradient(top,#fff,#f8f8f8);background-image:-o-linear-gradient(top,#fff,#f8f8f8);background-image:linear-gradient(top,#fff,#f8f8f8);filter:progid:DXImageTransform.Microsoft.gradient(startColorStr='#ffffff',EndColorStr='#f8f8f8')}.gbqfba-hvr,.gbqfba-hvr:active,.gbqfbb-hvr,.gbqfbb-hvr:active{border-color:#c6c6c6;-webkit-box-shadow:0 1px 1px rgba(0,0,0,.1);-moz-box-shadow:0 1px 1px rgba(0,0,0,.1);box-shadow:0 1px 1px rgba(0,0,0,.1);color:#222 !important}.gbqfba:active,.gbqfbb:active{-webkit-box-shadow:inset 0 1px 2px rgba(0,0,0,.1);-moz-box-shadow:inset 0 1px 2px rgba(0,0,0,.1);box-shadow:inset 0 1px 2px rgba(0,0,0,.1)}#gbmpas{max-height:276px}#gbmm{max-height:530px}.gbsb{-webkit-box-sizing:border-box;display:block;position:relative;*zoom:1}.gbsbic{overflow:auto}.gbsbis .gbsbt,.gbsbis .gbsbb{-webkit-mask-box-image:-webkit-gradient(linear,left top,right top,color-stop(0,rgba(0,0,0,.1)),color-stop(.5,rgba(0,0,0,.8)),color-stop(1,rgba(0,0,0,.1)));left:0;margin-right:0;opacity:0;position:absolute;width:100%}.gbsb .gbsbt:after,.gbsb .gbsbb:after{content:"";display:block;height:0;left:0;position:absolute;width:100%}.gbsbis .gbsbt{background:-webkit-gradient(linear,left top,left bottom,from(rgba(0,0,0,.2)),to(rgba(0,0,0,0)));background-image:-webkit-linear-gradient(top,rgba(0,0,0,.2),rgba(0,0,0,0));background-image:-moz-linear-gradient(top,rgba(0,0,0,.2),rgba(0,0,0,0));background-image:-ms-linear-gradient(top,rgba(0,0,0,.2),rgba(0,0,0,0));background-image:-o-linear-gradient(top,rgba(0,0,0,.2),rgba(0,0,0,0));background-image:linear-gradient(top,rgba(0,0,0,.2),rgba(0,0,0,0));height:6px;top:0}.gbsb .gbsbt:after{border-top:1px solid #ebebeb;border-color:rgba(0,0,0,.3);top:0}.gbsb .gbsbb{-webkit-mask-box-image:-webkit-gradient(linear,left top,right top,color-stop(0,rgba(0,0,0,.1)),color-stop(.5,rgba(0,0,0,.8)),color-stop(1,rgba(0,0,0,.1)));background:-webkit-gradient(linear,left bottom,left top,from(rgba(0,0,0,.2)),to(rgba(0,0,0,0)));background-image:-webkit-linear-gradient(bottom,rgba(0,0,0,.2),rgba(0,0,0,0));background-image:-moz-linear-gradient(bottom,rgba(0,0,0,.2),rgba(0,0,0,0));background-image:-ms-linear-gradient(bottom,rgba(0,0,0,.2),rgba(0,0,0,0));background-image:-o-linear-gradient(bottom,rgba(0,0,0,.2),rgba(0,0,0,0));background-image:linear-gradient(bottom,rgba(0,0,0,.2),rgba(0,0,0,0));bottom:0;height:4px}.gbsb .gbsbb:after{border-bottom:1px solid #ebebeb;border-color:rgba(0,0,0,.3);bottom:0}&lt;/style&gt;&lt;style id="gstyle"&gt;body{margin:0;overflow-y:scroll}#gog{padding:3px 8px 0}td{line-height:.8em}.gac_m td{line-height:17px}form{margin-bottom:20px}body,td,a,p,.h{font-family:arial,sans-serif}.h{color:#36c;font-size:20px}.q{color:#00c}.ts td{padding:0}.ts{border-collapse:collapse}em{color:#c03;font-style:normal;font-weight:normal}a em{text-decoration:underline}.lst{height:25px;width:496px}.gsfi,.lst{font:18px arial,sans-serif}.gsfs{font:17px arial,sans-serif}.tiah{width:458px}.ds{display:-moz-inline-box;display:inline-block;margin:3px 0 4px;margin-left:4px}input{font-family:inherit}a.gb1,a.gb2,a.gb3,a.gb4{color:#11c !important}body{background:#fff;color:black}a{color:#11c;text-decoration:none}a:hover,a:active{text-decoration:underline}.fl a{color:#36c}a:visited{color:#551a8b}a.gb1,a.gb4{text-decoration:underline}a.gb3:hover{text-decoration:none}#ghead a.gb2:hover{color:#fff!important}.sblc{padding-top:5px}.sblc a{display:block;margin:2px 0;margin-left:13px;font-size:11px;}.lsbb{background:#eee;border:solid 1px;border-color:#ccc #999 #999 #ccc;height:30px;display:block}.ftl,#fll a{display:inline-block;margin:0 12px}.lsb{background:url(/images/srpr/nav_logo80.png) 0 -258px repeat-x;border:none;color:#000;cursor:pointer;height:30px;margin:0;outline:0;font:15px arial,sans-serif;vertical-align:top}.lsb:active{background:#ccc}.lst:focus{outline:none}#addlang a{padding:0 3px}.gac_v div{display:none}.gac_v .gac_v2,.gac_bt{display:block!important}table.gssb_c{z-index:986  }.nbcl{background:url(/images/srpr/nav_logo80.png) no-repeat ;height:px;width:px}&lt;/style&gt;&lt;script&gt;(function(){
var h=0,i,j=parseInt("100");function _mlToken(a,d,e,b){if(j&lt;0){if(window.console)window.console.log("jcatcher exception: ",a," Data: ",e);if(j==-2)throw a;return null}if(!a||!a.message||a.message=="Error loading script")return null;if(!k()&amp;&amp;!b)return null;h++;if(d)i=a&amp;&amp;a.message;var c=l(a,"/gen_204?atyp=i",e||{}),f=google._aem(a,c);if(!b)google.log(0,0,f);return f}google.ml=_mlToken;function k(){return h&lt;1}function l(a,d,e){var b=encodeURIComponent,c=[d,"&amp;ei=",b(google.kEI),"&amp;jexpid=",
b(google.kEXPI),"&amp;srcpg=",b("hp"),"&amp;jsr=",b("100"),"&amp;bver=",b("161")];for(var f in e){c.push("&amp;");c.push(b(f));c.push("=");c.push(b(e[f]))}c.push("&amp;emsg=");c.push(b(a.name+": "+a.message));var g=c.join("");if(google._itl(g))g=g.substr(0,2000);return g}google._itl=function(a){return a.length&gt;=2000};google._aem=function(a,d){return d};function _onErrorToken(a){if(i!==a)google.ml(new Error(a),false);i=null;if(!k())window.onerror=null}window.onerror=_onErrorToken;
})();
window.rwt=function(a,f,g,l,m,h,c,n,i){try{if(a===window){a=window.event.srcElement;while(a){if(a.href)break;a=a.parentNode}}var b=encodeURIComponent||escape,d;d=a.getAttribute("href");if(c&amp;&amp;c.substring(0,6)!="&amp;sig2=")c="&amp;sig2="+c;var o=["/url?sa=t","","&amp;cd=",b(m),i?"&amp;authuser="+b(i):"",google.j&amp;&amp;google.j.pf?"&amp;sqi=2":"","&amp;ved=",b(n),"&amp;url=",b(d).replace(/\+/g,"%2B"),"&amp;ei=","XqFRULSgB4nQrQe854HgCA",h?"&amp;usg="+h:"",c].join("");a.href=o;a.onmousedown=""}catch(p){}return true};
(function(){try{var e=!0,h=!1;var aa=function(a,b,c,d){d=d||{};d._sn=["cfg",b,c].join(".");window.gbar.logger.ml(a,d)};var ba={I:1,K:2,ca:3,C:4,W:5,P:6,v:7,w:8,ga:9,V:10,O:11,A:12,U:13,z:14,S:15,R:16,ea:17,F:18,Q:19,fa:20,da:21,D:22,J:23,ia:24,ja:25,ha:26,G:27,g:28,B:29,u:30,ba:31,Y:32,Z:33,M:34,N:35,aa:36,$:37,X:38,H:39,T:40,L:500};var i=window.gbar=window.gbar||{},l=window.gbar.i=window.gbar.i||{},ca;function _tvn(a,b){var c=parseInt(a,10);return isNaN(c)?b:c}function _tvf(a,b){var c=parseFloat(a);return isNaN(c)?b:c}function _tvv(a){return!!a}function n(a,b,c){(c||i)[a]=b}i.bv={n:_tvn("2",0),r:"r_gc.r_pw.",f:".41.",m:_tvn("1",1)};
function da(a,b,c){var d="on"+b;if(a.addEventListener)a.addEventListener(b,c,h);else if(a.attachEvent)a.attachEvent(d,c);else{var g=a[d];a[d]=function(){var a=g.apply(this,arguments),b=c.apply(this,arguments);return void 0==a?b:void 0==b?a:b&amp;&amp;a}}}var ea=function(a){return function(){return i.bv.m==a}},fa=ea(1),ga=ea(2);n("sb",fa);n("kn",ga);l.a=_tvv;l.b=_tvf;l.c=_tvn;l.i=aa;var o=window.gbar.i.i;var ha=l.a("1"),q={},ia={},r=[],ja=function(a,b){r.push([a,b])},ka=function(a,b){q[a]=b},la=function(a){return a in q},s={},t=function(a,b){s[a]||(s[a]=[]);s[a].push(b)},u=function(a){t("m",a)},ma=function(a){var b=document.createElement("script");b.src=a;ha&amp;&amp;(b.async=e);(document.getElementById("xjsc")||document.body).appendChild(b)},y=function(a){for(var b=0,c;(c=r[b])&amp;&amp;!(c[0]==a);++b);c&amp;&amp;!c[1].l&amp;&amp;!c[1].s&amp;&amp;(c[1].s=e,v(2,a),c[1].url&amp;&amp;ma(c[1].url),c[1].libs&amp;&amp;w&amp;&amp;w(c[1].libs))},
na=function(a){t("gc",a)},z=null,oa=function(a){z=a},v=function(a,b,c){if(z){a={t:a,b:b};if(c)for(var d in c)a[d]=c[d];try{z(a)}catch(g){}}};n("mdc",q);n("mdi",ia);n("bnc",r);n("qGC",na);n("qm",u);n("qd",s);n("lb",y);n("mcf",ka);n("bcf",ja);n("aq",t);n("mdd","");n("has",la);n("trh",oa);n("tev",v);if(l.a("1")){var A=l.a("1"),pa=l.a(""),qa=window.gapi={},ra=function(a,b){var c=function(){i.dgl(a,b)};A?u(c):(t("gl",c),y("gl"))},sa={},ta=function(a){for(var a=a.split(":"),b;(b=a.pop())&amp;&amp;sa[b];);return!b},w=function(a){function b(){for(var b=a.split(":"),d=0,g;g=b[d];++d)sa[g]=1;for(b=0;d=r[b];++b)d=d[1],(g=d.libs)&amp;&amp;!d.l&amp;&amp;d.i&amp;&amp;ta(g)&amp;&amp;d.i()}i.dgl(a,b)},B=window.___jsl={};B.h="m;/_/abc-static/_/js/gapi/__features__/rt=j/ver=VO1wk6ea0_A.en./sv=1/am=!OgKRzknZ1ASBPEY3DA/d=1";B.ms="https://apis.google.com";B.m="";
B.l=[];A||r.push(["gl",{url:"//ssl.gstatic.com/gb/js/abc/glm_e7bb39a7e1a24581ff4f8d199678b1b9.js"}]);var ua={"export":"1",isPlusUser:pa,socialhost:""};q.gl=ua;n("load",ra,qa);n("dgl",ra);n("agl",ta);l.o=A};var C=function(){},D=function(){},E=function(a){var b=new Image,c=va;b.onerror=b.onload=b.onabort=function(){try{delete wa[c]}catch(a){}};wa[c]=b;b.src=a;va=c+1},wa=[],va=0;n("logger",{il:D,ml:C,log:E});var F=window.gbar.logger;var xa=l.b("0.01",1.0E-4),za=0;
function _mlToken(a,b){try{if(1&gt;za){za++;var c,d=a,g=b||{},f=encodeURIComponent,j="es_plusone_gc_20120731.0_p0",k=["//www.google.com/gen_204?atyp=i&amp;zx=",(new Date).getTime(),"&amp;jexpid=",f("30316"),"&amp;srcpg=",f("prop=1"),"&amp;jsr=",Math.round(1/xa),"&amp;ogf=",i.bv.f,"&amp;ogrp=",f(""),"&amp;ogv=",f("1346055490.1346175583"),j?"&amp;oggv="+f(j):"","&amp;ogd=",f("co.th"),"&amp;ogl=",f("th")];g._sn&amp;&amp;(g._sn="og."+g._sn);for(var m in g)k.push("&amp;"),
k.push(f(m)),k.push("="),k.push(f(g[m]));k.push("&amp;emsg=");k.push(f(d.name+":"+d.message));var p=k.join("");Ca(p)&amp;&amp;(p=p.substr(0,2E3));c=p;var x=window.gbar.logger._aem(a,c);E(x)}}catch(U){}}var Ca=function(a){return 2E3&lt;=a.length},Da=function(a,b){return b};function Ea(a){C=a;n("_itl",Ca,F);n("_aem",Da,F);n("ml",C,F);a={};q.er=a}l.a("")?Ea(function(a){throw a;}):l.a("1")&amp;&amp;Math.random()&lt;xa&amp;&amp;Ea(_mlToken);var _E="left",H=function(a,b){var c=a.className;G(a,b)||(a.className+=(""!=c?" ":"")+b)},I=function(a,b){var c=a.className,d=RegExp("\\s?\\b"+b+"\\b");c&amp;&amp;c.match(d)&amp;&amp;(a.className=c.replace(d,""))},G=function(a,b){var c=RegExp("\\b"+b+"\\b"),d=a.className;return!(!d||!d.match(c))},Fa=function(a,b){G(a,b)?I(a,b):H(a,b)};n("ca",H);n("cr",I);n("cc",G);l.k=H;l.l=I;l.m=G;l.n=Fa;var Ga=["gb_71","gb_155"],J;function Ha(a){J=a}function Ia(a){var b=J&amp;&amp;!a.href.match(/.*\/accounts\/ClearSID[?]/)&amp;&amp;encodeURIComponent(J());b&amp;&amp;(a.href=a.href.replace(/([?&amp;]continue=)[^&amp;]*/,"$1"+b))}function Ja(a){window.gApplication&amp;&amp;(a.href=window.gApplication.getTabUrl(a.href))}function Ka(a){try{var b=(document.forms[0].q||"").value;b&amp;&amp;(a.href=a.href.replace(/([?&amp;])q=[^&amp;]*|$/,function(a,c){return(c||"&amp;")+"q="+encodeURIComponent(b)}))}catch(c){o(c,"sb","pq")}}
var La=function(){for(var a=[],b=0,c;c=Ga[b];++b)(c=document.getElementById(c))&amp;&amp;a.push(c);return a},Ma=function(){var a=La();return 0&lt;a.length?a[0]:null},Na=function(){return document.getElementById("gb_70")},K={},L={},Oa={},M={},N=void 0,Ta=function(a,b){try{var c=document.getElementById("gb");H(c,"gbpdjs");O();Pa(document.body)&amp;&amp;H(c,"gbrtl");if(b&amp;&amp;b.getAttribute){var d=b.getAttribute("aria-owns");if(d.length){var g=document.getElementById(d);if(g){var f=b.parentNode;if(N==d)N=void 0,I(f,"gbto");
else{if(N){var j=document.getElementById(N);if(j&amp;&amp;j.getAttribute){var k=j.getAttribute("aria-owner");if(k.length){var m=document.getElementById(k);m&amp;&amp;m.parentNode&amp;&amp;I(m.parentNode,"gbto")}}}Qa(g)&amp;&amp;Ra(g);N=d;H(f,"gbto")}}}}u(function(){i.tg(a,b,e)});Sa(a)}catch(p){o(p,"sb","tg")}},Ua=function(a){u(function(){i.close(a)})},Pa=function(a){var b,c="direction",d=document.defaultView;d&amp;&amp;d.getComputedStyle?(a=d.getComputedStyle(a,""))&amp;&amp;(b=a[c]):b=a.currentStyle?a.currentStyle[c]:a.style[c];return"rtl"==b},
Wa=function(a,b,c){if(a)try{var d=document.getElementById("gbd5");if(d){var g=d.firstChild,f=g.firstChild,j=document.createElement("li");j.className=b+" gbmtc";j.id=c;a.className="gbmt";j.appendChild(a);if(f.hasChildNodes()){for(var c=[["gbkc"],["gbf","gbe","gbn"],["gbkp"],["gbnd"]],d=0,k=f.childNodes.length,g=h,m=-1,p=0,x;x=c[p];p++){for(var U=0,W;W=x[U];U++){for(;d&lt;k&amp;&amp;G(f.childNodes[d],W);)d++;if(W==b){f.insertBefore(j,f.childNodes[d]||null);g=e;break}}if(g){if(d+1&lt;f.childNodes.length){var ya=f.childNodes[d+
1];!G(ya.firstChild,"gbmh")&amp;&amp;!Va(ya,x)&amp;&amp;(m=d+1)}else if(0&lt;=d-1){var Aa=f.childNodes[d-1];!G(Aa.firstChild,"gbmh")&amp;&amp;!Va(Aa,x)&amp;&amp;(m=d)}break}0&lt;d&amp;&amp;d+1&lt;k&amp;&amp;d++}if(0&lt;=m){var X=document.createElement("li"),Ba=document.createElement("div");X.className="gbmtc";Ba.className="gbmt gbmh";X.appendChild(Ba);f.insertBefore(X,f.childNodes[m])}i.addHover&amp;&amp;i.addHover(a)}else f.appendChild(j)}}catch(pb){o(pb,"sb","al")}},Va=function(a,b){for(var c=b.length,d=0;d&lt;c;d++)if(G(a,b[d]))return e;return h},Xa=function(a,b,
c){Wa(a,b,c)},Ya=function(a,b){Wa(a,"gbe",b)},Za=function(){u(function(){i.pcm&amp;&amp;i.pcm()})},$a=function(){u(function(){i.pca&amp;&amp;i.pca()})},ab=function(a,b,c,d,g,f,j,k,m,p){u(function(){i.paa&amp;&amp;i.paa(a,b,c,d,g,f,j,k,m,p)})},bb=function(a,b){K[a]||(K[a]=[]);K[a].push(b)},cb=function(a,b){L[a]||(L[a]=[]);L[a].push(b)},db=function(a,b){Oa[a]=b},eb=function(a,b){M[a]||(M[a]=[]);M[a].push(b)},Sa=function(a){a.preventDefault&amp;&amp;a.preventDefault();a.returnValue=h;a.cancelBubble=e},P=null,Ra=function(a,b){O();if(a){Q(a,
"การเปิด&amp;hellip;");R(a,e);var c="undefined"!=typeof b?b:1E4,d=function(){fb(a)};P=window.setTimeout(d,c)}},gb=function(a){O();a&amp;&amp;(R(a,h),Q(a,""))},fb=function(a){try{O();var b=a||document.getElementById(N);b&amp;&amp;(Q(b,"บริการนี้ยังไม่สามารถใช้งานได้ในขณะนี้%1$sกรุณาลองอีกครั้งภายหลัง","%1$s"),R(b,e))}catch(c){o(c,"sb","sdhe")}},Q=function(a,b,c){if(a&amp;&amp;b){var d=Qa(a);if(d){if(c){d.innerHTML="";for(var b=b.split(c),c=0,g;g=b[c];c++){var f=document.createElement("div");f.innerHTML=g;d.appendChild(f)}}else d.innerHTML=b;R(a,e)}}},
R=function(a,b){var c=void 0!==b?b:e;c?H(a,"gbmsgo"):I(a,"gbmsgo")},Qa=function(a){for(var b=0,c;c=a.childNodes[b];b++)if(G(c,"gbmsg"))return c},O=function(){P&amp;&amp;window.clearTimeout(P)},hb=function(a){var b="inner"+a,a="offset"+a;return window[b]?window[b]:document.documentElement&amp;&amp;document.documentElement[a]?document.documentElement[a]:0};n("so",Ma);n("sos",La);n("si",Na);n("tg",Ta);n("close",Ua);n("addLink",Xa);n("addExtraLink",Ya);n("pcm",Za);n("pca",$a);n("paa",ab);n("ddld",Ra);n("ddrd",gb);
n("dderr",fb);n("rtl",Pa);n("bh",K);n("abh",bb);n("dh",L);n("adh",cb);n("ch",M);n("ach",eb);n("eh",Oa);n("aeh",db);ca=l.a("")?Ja:Ka;n("qs",ca);n("setContinueCb",Ha);n("pc",Ia);l.d=Sa;l.j=hb;var ib={};q.base=ib;r.push(["m",{url:"//ssl.gstatic.com/gb/js/sem_54e2402a5e33215e251a3491f27fcbad.js"}]);var jb=l.c("1",0),kb=/\bgbmt\b/,lb=function(a){try{var b=document.getElementById("gb_"+jb),c=document.getElementById("gb_"+a);b&amp;&amp;I(b,kb.test(b.className)?"gbm0l":"gbz0l");c&amp;&amp;H(c,kb.test(c.className)?"gbm0l":"gbz0l")}catch(d){o(d,"sj","ssp")}jb=a},mb=i.qs,nb=function(a){var b;b=a.href;var c=window.location.href.match(/.*?:\/\/[^\/]*/)[0],c=RegExp("^"+c+"/search\\?");if((b=c.test(b))&amp;&amp;!/(^|\\?|&amp;)ei=/.test(a.href))if((b=window.google)&amp;&amp;b.kEXPI)a.href+="&amp;ei="+b.kEI},ob=function(a){mb(a);
nb(a)},qb=function(){if(window.google&amp;&amp;window.google.sn){var a=/.*hp$/;return a.test(window.google.sn)?"":"1"}return"-1"};n("rp",qb);n("slp",lb);n("qs",ob);n("qsi",nb);i.sg={c:"1"};n("wg",{rg:{}});var rb={tiw:l.c("15000",0),tie:l.c("30000",0)};q.wg=rb;var sb={thi:l.c("10000",0),thp:l.c("180000",0),tho:l.c("5000",0),tet:l.b("0.5",0)};q.wm=sb;if(l.a("1")){var tb=l.a("");r.push(["gc",{auto:tb,url:"//ssl.gstatic.com/gb/js/abc/gci_91f30755d6a6b787dcc2a4062e6e9824.js",libs:"googleapis.client:plusone"}]);var ub={version:"gci_91f30755d6a6b787dcc2a4062e6e9824.js",index:"",lang:"th"};q.gc=ub;var S=function(a){window.googleapis&amp;&amp;window.iframes?a&amp;&amp;a():(a&amp;&amp;na(a),y("gc"))};n("lGC",S);l.a("1")&amp;&amp;n("lPWF",S)};window.__PVT="";var vb=l.b("0.01",1.0E-4),wb=l.b("0.1",1),xb=h,yb=h;if(l.a("1")){var zb=Math.random();zb&lt;=vb&amp;&amp;(xb=e);zb&lt;=wb&amp;&amp;(yb=e)}var T=ba;
function Ab(a,b){var c=vb,d=xb,g;g=34&gt;=a?a&lt;=T.z?a==T.v||a==T.w||a==T.A?h:e:a&gt;=T.g&amp;&amp;a&lt;=T.u?e:h:200&lt;=a?e:h;g&amp;&amp;(c=wb,d=yb);if(d){d=encodeURIComponent;g="es_plusone_gc_20120731.0_p0";var f;i.rp?(f=i.rp(),f="-1"!=f?f:""):f="";c=["//www.google.com/gen_204?atyp=i&amp;zx=",(new Date).getTime(),"&amp;oge=",a,"&amp;ogex=",d("30316"),"&amp;ogf=",i.bv.f,"&amp;ogp=",d("1"),"&amp;ogrp=",d(f),"&amp;ogsr=",Math.round(1/c),"&amp;ogv=",d("1346055490.1346175583"),
g?"&amp;oggv="+d(g):"","&amp;ogd=",d("co.th"),"&amp;ogl=",d("th")];if(b){"ogw"in b&amp;&amp;(c.push("&amp;ogw="+b.ogw),delete b.ogw);var j;g=b;f=[];for(j in g)0!=f.length&amp;&amp;f.push(","),f.push(j),f.push("."),f.push(g[j]);j=f.join("");""!=j&amp;&amp;(c.push("&amp;ogad="),c.push(d(j)))}E(c.join(""))}}D=Ab;n("il",D,F);var Bb={};q.il=Bb;var Cb=function(a,b,c,d,g,f,j,k,m,p){u(function(){i.paa(a,b,c,d,g,f,j,k,m,p)})},Db=function(){u(function(){i.prm()})},Eb=function(a){u(function(){i.spn(a)})},Fb=function(a){u(function(){i.sps(a)})},Gb=function(a){u(function(){i.spp(a)})},Hb={"27":"//ssl.gstatic.com/gb/images/silhouette_24.png","27":"//ssl.gstatic.com/gb/images/silhouette_24.png","27":"//ssl.gstatic.com/gb/images/silhouette_24.png"},Ib=function(a){return(a=Hb[a])||"//ssl.gstatic.com/gb/images/silhouette_24.png"},
Jb=function(){u(function(){i.spd()})};n("spn",Eb);n("spp",Gb);n("sps",Fb);n("spd",Jb);n("paa",Cb);n("prm",Db);bb("gbd4",Db);
if(l.a("")){var Kb={d:l.a(""),e:"",sanw:l.a(""),p:"//ssl.gstatic.com/gb/images/silhouette_96.png",cp:"1",xp:l.a("1"),mg:"%1$s (แบบตัวแทน)",md:"%1$s (ค่าเริ่มต้น)",mh:"276",s:"1",pp:Ib,ppl:l.a(""),ppa:l.a("1"),
ppm:"Google+ เพจ"};q.prf=Kb};if(l.a("1")&amp;&amp;l.a("1")){var Lb=function(a){S(function(){t("pw",a);y("pw")})};n("lPW",Lb);r.push(["pw",{url:"//ssl.gstatic.com/gb/js/abc/pwm_45f73e4df07a0e388b0fa1f3d30e7280.js"}]);var Mb=[],Nb=function(a){Mb[0]=a},Ob=function(a,b){var c=b||{};c._sn="pw";C(a,c)},Pb={signed:Mb,elog:Ob,base:"https://plusone.google.com/u/0",loadTime:(new Date).getTime()};q.pw=Pb;var Qb=function(a,b){for(var c=b.split("."),d=function(){var b=arguments;a(function(){for(var a=i,d=0,f=c.length-1;d&lt;f;++d)a=a[c[d]];a[c[d]].apply(a,b)})},g=i,f=0,j=c.length-
1;f&lt;j;++f)g=g[c[f]]=g[c[f]]||{};return g[c[f]]=d};Qb(Lb,"pw.clk");Qb(Lb,"pw.hvr");n("su",Nb,i.pw)};var V,Rb,Y,Sb,Z=0,$=function(a,b){return-1==a.indexOf(Z)?(o(Error(Z+"_"+b),"up","caa"),h):e},Ub=function(a,b){$([1,2],"r")&amp;&amp;(V[a]=V[a]||[],V[a].push(b),2==Z&amp;&amp;window.setTimeout(function(){b(Tb(a))},0))},Vb=function(a,b,c){if($([1],"nap")&amp;&amp;c){for(var d=0;d&lt;c.length;d++)Rb[c[d]]=e;i.up.spl(a,b,"nap",c)}},Wb=function(a,b,c){if($([1],"aop")&amp;&amp;c){if(Y)for(var d in Y)Y[d]=Y[d]&amp;&amp;-1!=c.indexOf(d);else{Y={};for(d=0;d&lt;c.length;d++)Y[c[d]]=e}i.up.spl(a,b,"aop",c)}},Xb=function(){try{if(Z=2,!Sb){Sb=e;for(var a in V)for(var b=
V[a],c=0;c&lt;b.length;c++)try{b[c](Tb(a))}catch(d){o(d,"up","tp")}}}catch(g){o(g,"up","mtp")}},Tb=function(a){if($([2],"ssp")){var b=!Rb[a];Y&amp;&amp;(b=b&amp;&amp;!!Y[a]);return b}};Sb=h;V={};Rb={};Y=null;
var Z=1,Yb=function(){try{return"object"==typeof window.localStorage}catch(a){return h}},Zb=function(a,b,c,d){try{d||(b="og-up-"+b),Yb()?window.localStorage.setItem(b,c):a&amp;&amp;(a.setAttribute(b,c),a.save(a.id))}catch(g){o(g,"up","spd")}},$b=function(a,b,c){try{c||(b="og-up-"+b);if(Yb())return window.localStorage.getItem(b);if(a)return a.load(a.id),a.getAttribute(b)}catch(d){o(d,"up","gpd")}return""};n("up",{r:Ub,nap:Vb,aop:Wb,tp:Xb,ssp:Tb,spd:Zb,gpd:$b});
var ac=function(a,b){a[b]=function(c){var d=arguments;i.qm(function(){a[b].apply(this,d)})}};ac(i.up,"sl");ac(i.up,"si");ac(i.up,"spl");i.mcf("up",{sp:l.b("0.01",1)});function bc(){function a(){for(var b;(b=f[j++])&amp;&amp;!("m"==b[0]||b[1].auto););b&amp;&amp;(v(2,b[0]),b[1].url&amp;&amp;ma(b[1].url),b[1].libs&amp;&amp;w&amp;&amp;w(b[1].libs));j&lt;f.length&amp;&amp;setTimeout(a,0)}function b(){0&lt;g--?setTimeout(b,0):a()}var c=l.a("1"),d=l.a(""),g=3,f=r,j=0,k=window.gbarOnReady;if(k)try{k()}catch(m){o(m,"ml","or")}d?n("ldb",a):c?da(window,"load",b):b()}n("rdl",bc);}catch(e){window.gbar&amp;&amp;gbar.logger&amp;&amp;gbar.logger.ml(e,{"_sn":"cfg.init"});}})();
(function(){try{var a=window.gbar;a.mcf("pm",{p:""});}catch(e){window.gbar&amp;&amp;gbar.logger&amp;&amp;gbar.logger.ml(e,{"_sn":"cfg.init"});}})();
(function(){try{var a=window.gbar;a.mcf("mm",{s:"1"});}catch(e){window.gbar&amp;&amp;gbar.logger&amp;&amp;gbar.logger.ml(e,{"_sn":"cfg.init"});}})();
(function(){try{window.gbar.rdl();}catch(e){window.gbar&amp;&amp;gbar.logger&amp;&amp;gbar.logger.ml(e,{"_sn":"cfg.init"});}})();
&lt;/script&gt; &lt;/head&gt;&lt;body dir="ltr" bgcolor="#fff"&gt;&lt;script&gt;(function(){var src='/images/srpr/nav_logo80.png';var iesg=false;document.body.onload = function(){window.n &amp;&amp; window.n();if (document.images){new Image().src=src;}
if (!iesg){document.f&amp;&amp;document.f.q.focus();document.gbqf&amp;&amp;document.gbqf.q.focus();}
}
})();&lt;/script&gt;&lt;textarea id="csi" style="display:none"&gt;&lt;/textarea&gt;&lt;div id="mngb"&gt;&lt;div id=gb&gt;&lt;script&gt;window.gbar&amp;&amp;gbar.eli&amp;&amp;gbar.eli()&lt;/script&gt;&lt;div id=gbw&gt;&lt;div id=gbz&gt;&lt;span class=gbtcb&gt;&lt;/span&gt;&lt;ol id=gbzc class=gbtc&gt;&lt;li class=gbt&gt;&lt;a onclick=gbar.logger.il(1,{t:1}); class="gbzt gbz0l gbp1" id=gb_1 href="http://www.google.co.th/webhp?hl=th&amp;tab=ww"&gt;&lt;span class=gbtb2&gt;&lt;/span&gt;&lt;span class=gbts&gt;ค้นหา&lt;/span&gt;&lt;/a&gt;&lt;/li&gt;&lt;li class=gbt&gt;&lt;a onclick=gbar.qs(this);gbar.logger.il(1,{t:2}); class=gbzt id=gb_2 href="http://www.google.co.th/imghp?hl=th&amp;tab=wi"&gt;&lt;span class=gbtb2&gt;&lt;/span&gt;&lt;span class=gbts&gt;ค้นรูป&lt;/span&gt;&lt;/a&gt;&lt;/li&gt;&lt;li class=gbt&gt;&lt;a onclick=gbar.qs(this);gbar.logger.il(1,{t:8}); class=gbzt id=gb_8 href="http://maps.google.co.th/maps?hl=th&amp;tab=wl"&gt;&lt;span class=gbtb2&gt;&lt;/span&gt;&lt;span class=gbts&gt;แผนที่&lt;/span&gt;&lt;/a&gt;&lt;/li&gt;&lt;li class=gbt&gt;&lt;a onclick=gbar.logger.il(1,{t:23}); class=gbzt id=gb_23 href="https://mail.google.com/mail/?tab=wm"&gt;&lt;span class=gbtb2&gt;&lt;/span&gt;&lt;span class=gbts&gt;Gmail&lt;/span&gt;&lt;/a&gt;&lt;/li&gt;&lt;li class=gbt&gt;&lt;a onclick=gbar.logger.il(1,{t:25}); class=gbzt id=gb_25 href="https://docs.google.com/?tab=wo"&gt;&lt;span class=gbtb2&gt;&lt;/span&gt;&lt;span class=gbts&gt;เอกสาร&lt;/span&gt;&lt;/a&gt;&lt;/li&gt;&lt;li class=gbt&gt;&lt;a onclick=gbar.logger.il(1,{t:24}); class=gbzt id=gb_24 href="https://www.google.com/calendar?tab=wc"&gt;&lt;span class=gbtb2&gt;&lt;/span&gt;&lt;span class=gbts&gt;ปฏิทิน&lt;/span&gt;&lt;/a&gt;&lt;/li&gt;&lt;li class=gbt&gt;&lt;a onclick=gbar.qs(this);gbar.logger.il(1,{t:51}); class=gbzt id=gb_51 href="http://translate.google.co.th/?hl=th&amp;tab=wT"&gt;&lt;span class=gbtb2&gt;&lt;/span&gt;&lt;span class=gbts&gt;แปลภาษา&lt;/span&gt;&lt;/a&gt;&lt;/li&gt;&lt;li class=gbt&gt;&lt;a onclick=gbar.qs(this);gbar.logger.il(1,{t:31}); class=gbzt id=gb_31 href="http://picasaweb.google.co.th/home?hl=th&amp;tab=wq"&gt;&lt;span class=gbtb2&gt;&lt;/span&gt;&lt;span class=gbts&gt;ภาพถ่าย&lt;/span&gt;&lt;/a&gt;&lt;/li&gt;&lt;li class=gbt&gt;&lt;a onclick=gbar.logger.il(1,{t:66}); href="http://www.google.co.th/intl/th/options/" class=gbzt&gt;&lt;span class=gbtb2&gt;&lt;/span&gt;&lt;span class=gbts&gt;อื่นๆ &amp;raquo;&lt;/span&gt;&lt;/a&gt;&lt;/li&gt;&lt;/ol&gt;&lt;/div&gt;&lt;div id=gbg&gt;&lt;h2 class=gbxx&gt;Account Options&lt;/h2&gt;&lt;span class=gbtcb&gt;&lt;/span&gt;&lt;ol class=gbtc&gt;&lt;li class=gbt&gt;&lt;a target=_top href="https://accounts.google.com/ServiceLogin?hl=th&amp;continue=http://www.google.co.th/" onclick="gbar.logger.il(9,{l:'i'})" id=gb_70 class=gbgt&gt;&lt;span class=gbtb2&gt;&lt;/span&gt;&lt;span id=gbgs4 class=gbts&gt;&lt;span id=gbi4s1&gt;ลงชื่อเข้าสู่ระบบ&lt;/span&gt;&lt;/span&gt;&lt;/a&gt;&lt;/li&gt;&lt;li class="gbt gbtb"&gt;&lt;span class=gbts&gt;&lt;/span&gt;&lt;/li&gt;&lt;li class=gbt&gt;&lt;a class=gbgt id=gbg5 href="http://www.google.co.th/preferences?hl=th" title="ตัวเลือก" onclick="gbar.tg(event,this)" aria-haspopup=true aria-owns=gbd5&gt;&lt;span class=gbtb2&gt;&lt;/span&gt;&lt;span id=gbgs5 class=gbts&gt;&lt;span id=gbi5&gt;&lt;/span&gt;&lt;/span&gt;&lt;/a&gt;&lt;div class=gbm id=gbd5 aria-owner=gbg5&gt;&lt;div class=gbmc&gt;&lt;ol id=gbom class=gbmcc&gt;&lt;li class="gbkc gbmtc"&gt;&lt;a  class=gbmt href="/preferences?hl=th"&gt;การตั้งค่าการค้นหา&lt;/a&gt;&lt;/li&gt;&lt;li class=gbmtc&gt;&lt;div class="gbmt gbmh"&gt;&lt;/div&gt;&lt;/li&gt;&lt;li class="gbkp gbmtc"&gt;&lt;a class=gbmt href="http://www.google.co.th/history/optout?hl=th"&gt;ประวัติเว็บ&lt;/a&gt;&lt;/li&gt;&lt;/ol&gt;&lt;/div&gt;&lt;/div&gt;&lt;/li&gt;&lt;/ol&gt;&lt;/div&gt;&lt;/div&gt;&lt;div id=gbx3&gt;&lt;/div&gt;&lt;div id=gbx4&gt;&lt;/div&gt;&lt;script&gt;window.gbar&amp;&amp;gbar.elp&amp;&amp;gbar.elp()&lt;/script&gt;&lt;/div&gt;&lt;/div&gt;&lt;center&gt;&lt;br clear="all" id="lgpd"&gt;&lt;div id="lga"&gt;&lt;a href="/search?q=Clara+Schumann&amp;amp;oi=ddle&amp;amp;ct=clara_schuman-2012-hp"&gt;&lt;img alt="Clara Schumann's 193rd Birthday" border="0" height="231" src="/logos/2012/clara_schuman-2012-hp.jpg" title="Clara Schumann's 193rd Birthday" width="391" id="hplogo" onload="window.lol&amp;&amp;lol()"&gt;&lt;/a&gt;&lt;br&gt;&lt;br&gt;&lt;/div&gt;&lt;form action="/search" name="f"&gt;&lt;table cellpadding="0" cellspacing="0"&gt;&lt;tr valign="top"&gt;&lt;td width="25%"&gt;&amp;nbsp;&lt;/td&gt;&lt;td align="center" nowrap="nowrap"&gt;&lt;input name="ie" value="windows-874" type="hidden"&gt;&lt;input value="th" name="hl" type="hidden"&gt;&lt;input name="source" type="hidden" value="hp"&gt;&lt;div class="ds" style="height:32px;margin:4px 0"&gt;&lt;div style="position:relative;zoom:1"&gt;&lt;input autocomplete="off" class="lst tiah" value="" title="ค้นหาด้วย Google" maxlength="2048" name="q" size="57" style="color:#000;margin:0;padding:5px 8px 0 6px;vertical-align:top;padding-right:38px"&gt;&lt;img src="/textinputassistant/tia.png" onclick="(function(){var src='/textinputassistant/7/th_tia.js';var s=document.createElement('script');s.src=src;google.dom.append(s);})();" width="27" height="23" alt="" style="position:absolute;cursor:pointer;right:5px;top:4px;z-index:300"&gt;&lt;/div&gt;&lt;/div&gt;&lt;br style="line-height:0"&gt;&lt;span class="ds"&gt;&lt;span class="lsbb"&gt;&lt;input class="lsb" value="ค้นหาด้วย Google" name="btnG" type="submit"&gt;&lt;/span&gt;&lt;/span&gt;&lt;span class="ds"&gt;&lt;span class="lsbb"&gt;&lt;input class="lsb" value="ดีใจจัง ค้นแล้วเจอเลย" name="btnI" type="submit" onclick="if(this.form.q.value)this.checked=1; else top.location='/doodles/'"&gt;&lt;/span&gt;&lt;/span&gt;&lt;/td&gt;&lt;td class="fl sblc" align="left" nowrap="nowrap" width="25%"&gt;&lt;a href="/advanced_search?hl=th&amp;amp;authuser=0"&gt;การค้นหาขั้นสูง&lt;/a&gt;&lt;a href="/language_tools?hl=th&amp;amp;authuser=0"&gt;เครื่องมือทางภาษา&lt;/a&gt;&lt;/td&gt;&lt;/tr&gt;&lt;/table&gt;&lt;input type="hidden" id="gbv" name="gbv" value="1"&gt;&lt;script&gt;(function(){var a,b="1";if(document&amp;&amp;document.getElementById)if("undefined"!=typeof XMLHttpRequest)b="2";else if("undefined"!=typeof ActiveXObject){var c,d,e=["MSXML2.XMLHTTP.6.0","MSXML2.XMLHTTP.3.0","MSXML2.XMLHTTP","Microsoft.XMLHTTP"];for(c=0;d=e[c++];)try{new ActiveXObject(d),b="2"}catch(f){}}a=b;"2"==a&amp;&amp;(document.getElementById("gbv").value=a);})();&lt;/script&gt;&lt;/form&gt;&lt;div id="gac_scont"&gt;&lt;/div&gt;&lt;div style="font-size:83%;min-height:3.5em"&gt;&lt;br&gt;&lt;div id=als&gt;&lt;font size=-1 id=addlang&gt;Google.co.th ที่อยู่ในภาษา: &lt;a href="http://www.google.co.th/setprefs?sig=0_zi1-CkxDRHCPhaKBp0H_J7pr9a4%3D&amp;amp;hl=en"&gt;English&lt;/a&gt;&lt;/font&gt;&lt;br&gt;&lt;br&gt;&lt;/div&gt;&lt;/div&gt;&lt;span id="footer"&gt;&lt;div style="font-size:10pt"&gt;&lt;div id="fll" style="margin:19px auto;text-align:center"&gt;&lt;a href=http://www.google.co.th/intl/th/ads/index.html&gt;โปรแกรมโฆษณา&lt;/a&gt;&lt;a href=/services/&gt;ทางออกทางธุรกิจ&lt;/a&gt;&lt;a href="https://plus.google.com/100395172310311078898" rel="publisher"&gt;+Google&lt;/a&gt;&lt;a href="/intl/th/about.html"&gt;เกี่ยวกับ Google ทั้งหมด&lt;/a&gt;&lt;a href="http://www.google.co.th/setprefdomain?prefdom=US&amp;amp;sig=0_nMm3dJMGgCi_qxg6yMxYkdO6Qkg%3D" id=fehl&gt;Google.com&lt;/a&gt;&lt;/div&gt;&lt;/div&gt;&lt;p style="color:#767676;font-size:8pt"&gt;&amp;copy; 2012 - &lt;a href="/intl/th/policies/"&gt;นโยบายส่วนบุคคลและข้อกำหนด&lt;/a&gt;&lt;/p&gt;&lt;/span&gt;&lt;/center&gt;&lt;div id=xjsd&gt;&lt;/div&gt;&lt;div id=xjsi&gt;&lt;script&gt;if(google.y)google.y.first=[];(function(){
var c,d,e=false;function f(a){var b={_sn:a?"FAILURE":"FALLBACK",_pu:c,_fu:d},h=google.ml(new Error("pml"),false,b,true);google.log(0,"",h)}function g(){if(!google.pml)f(true)}function i(a){window.setTimeout(function(){var b=document.createElement("script");b.src=a;document.getElementById("xjsd").appendChild(b)},0)}function j(){if(!e&amp;&amp;!google.pml){e=
true;f();i(d,g)}}google.dljp=function(a,b){c=a;d=b;if(!google.xjsi){google.xjsu=a;i(c,j)}};google.dlj=i;
})();
if(!google.xjs){google.dstr=[];google.rein=[];window._=window._||{};window._._DumpException=function(e){throw e};if(google.timers&amp;&amp;google.timers.load.t){google.timers.load.t.xjsls=new Date().getTime();}google.dljp('/xjs/_/js/hp/hp,sb_he,pcc/rt\x3dj/ver\x3dfHdPrU-fojs.en_US./d\x3d1/sv\x3d1/rs\x3dAItRSTNrITJhnsD3ulPcDAMJUg2T1dlYVA','/xjs/_/js/hp/hp,sb_he,pcc/rt\x3dj/ver\x3dkrSvqY_apBM.en_US./d\x3d1/sv\x3d1/rs\x3dAItRSTOlRId5TDMh0RQcv3WPh2lQBrpugg');google.xjs=1;}(function(){
function f(b){var a=b.stack,c=a?g(a):h();return i(c)}function g(b){var a=b.replace(/\s*$/,"").split("\n"),c=[];for(var d=0;d&lt;a.length;d++)c.push(j(a[d]));return c}function i(b){var a=0,c=b.length-1;for(var d=0;d&lt;=c;d++)if(b[d]&amp;&amp;b[d].c()){a=d+1;break}if(a==0)c--;var e=[];for(d=a;d&lt;=c;d++)if(b[d]&amp;&amp;!b[d].d())e.push("&gt; "+b[d].f());return e}var k="[a-zA-Z_$][\\w$]*";function j(b){var a=b.match(l);if(a)return new m(a[1]||"",a[2]||"",a[3]||"","",a[4]||a[5]||"");a=b.match(n);if(a)return new m("",a[1]||"",
"",a[2]||"",a[3]||"");return null}var o="((?:http|https|file)://[^\\s)]+|javascript:.*)",p="(?: \\[as ("+k+")\\])?",r="(?:new )?(?:"+k+"|&lt;anonymous&gt;)",s=" (?:(.*?)\\.)?("+r+")"+p,t=" (?:\\(unknown source\\)|\\(native\\)|\\((?:eval at )?"+o+"\\)|"+o+")",l=new RegExp("^    at(?:"+s+")?"+t+"$"),u="("+k+")?(\\(.*\\))?@",n=new RegExp("^"+u+"(?::0|"+o+")$");function h(){var b=[],a=arguments.callee.caller,c=0;while(a&amp;&amp;c&lt;20){var d=v(a),e=w(a);b.push(new m("",d,"",e,""));try{if(a==a.caller)break;a=a.caller}catch(y){break}c++}return b}
function v(b){var a=Function.prototype.toString.call(b),c=a.match(x);return c?c[1]:""}var x=new RegExp("^function ("+k+")");function w(b){var a=["("];if(b.arguments)for(var c=0;c&lt;b.arguments.length;c++){var d=b.arguments[c];if(c&gt;0)a.push(", ");if(typeof d=="string")a.push('"',d,'"');else a.push(String(d))}else a.push("unknown");a.push(")");return a.join("")}var m=function(b,a,c,d,e){this.b=b;this.name=a;this.a=c;this.g=d;this.e=e};m.prototype.c=function(){return this.name.indexOf("_mlToken")&gt;=0};
m.prototype.d=function(){return this.name.indexOf("_onErrorToken")&gt;=0};m.prototype.f=function(){var b=[this.b?this.b+".":"",this.name?this.name:"anonymous",this.g,this.a?" [as "+this.a+"]":""];if(this.e){b.push(" at ");b.push(this.e)}var a=b.join(""),c=location.href.replace(/#.*/,"");while(a.indexOf(c)&gt;=0)a=a.replace(c,"[page]");a=a.replace(/http.*?extern_js.*?\.js/g,"[xjs]");return a};google._aem=function(b,a){if(google._itl(a))return a;var c=f(b),d=[a,"&amp;jsst=",c.join("")],e=d.join("");if(!google._itl(e))return e;
if(c.length&gt;2){d[2]=c[0]+"..."+c[c.length-1];e=d.join("");if(!google._itl(e))return e}return a};
})();
;google.pmc={14:{},10:{"agen":false,"cgen":true,"client":"heirloom-hp","dh":true,"ds":"","eqch":true,"fl":true,"host":"google.co.th","jsonp":true,"msgs":{"lcky":"ดีใจจัง ค้นแล้วเจอเลย","lml":"เรียนรู้เพิ่มเติม","oskt":"เครื่องมือป้อนข้อมูล","psrc":"การค้นหานี้จะถูกลบออกจาก\u003Ca href=\"/history\"\u003Eประวัติเว็บ\u003C/a\u003Eของคุณ","psrl":"ลบ","sbit":"ค้นด้วยภาพ","srch":"ค้นหาด้วย Google"},"ovr":{"ms":1},"pq":"","qcpw":false,"scd":10,"sce":5,"stok":"vT2q8Bvraf_SYv9g9u5kLG1Q2P8"},24:{}};google.y.first.push(function(){if(google.med){google.med('init');google.initHistory();google.med('history');}google.History&amp;&amp;google.History.initialize('/')});if(google.j&amp;&amp;google.j.en&amp;&amp;google.j.xi){window.setTimeout(google.j.xi,0);}&lt;/script&gt;&lt;/div&gt;&lt;script&gt;(function(){
var b,d,e,f;function g(a,c){if(a.removeEventListener){a.removeEventListener("load",c,false);a.removeEventListener("error",c,false)}else{a.detachEvent("onload",c);a.detachEvent("onerror",c)}}function h(a){f=(new Date).getTime();++d;a=a||window.event;var c=a.target||a.srcElement;g(c,h)}var i=document.getElementsByTagName("img");b=i.length;d=0;for(var j=0,k;j&lt;b;++j){k=i[j];if(k.complete||typeof k.src!="string"||!k.src)++d;else if(k.addEventListener){k.addEventListener("load",h,false);k.addEventListener("error",
h,false)}else{k.attachEvent("onload",h);k.attachEvent("onerror",h)}}e=b-d;function l(){if(!google.timers.load.t)return;google.timers.load.t.ol=(new Date).getTime();google.timers.load.t.iml=f;google.kCSI.imc=d;google.kCSI.imn=b;google.kCSI.imp=e;if(google.stt!==undefined)google.kCSI.stt=google.stt;google.csiReport&amp;&amp;google.csiReport()}if(window.addEventListener)window.addEventListener("load",
l,false);else if(window.attachEvent)window.attachEvent("onload",l);google.timers.load.t.prt=(f=(new Date).getTime());
})();
&lt;/script&gt;&lt;/body&gt;&lt;/html&gt;
PDFUtility.HTML2PDF: 2012-09-13 16:03:25,047 [Agent: adapter run thread for test 'Convert2PDFTest' with id '28600a9f-b59e-48bb-8a26-bdeaf6265280'] DEBUG PDFUtility.HTML2PDF (null) (null) - 
</DebugTrace>
        <ErrorInfo>
          <Message>Test method PDFUtilityUnitTest.HTML2PDFTest.Convert2PDFTest threw exception: 
System.IO.IOException: The document has no pages.</Message>
          <StackTrace>    at iTextSharp.text.pdf.PdfPages.WritePageTree()
   at iTextSharp.text.pdf.PdfWriter.Close()
   at iTextSharp.text.pdf.PdfDocument.Close()
   at iTextSharp.text.Document.Close()
   at iTextSharp.text.Document.Dispose()
   at PDFUtility.HTML2PDF.Convert2PDF(String htmlText, String destination) in D:\workspaces\2012\PDFUtility\PDFUtility\HTML2PDF.cs:line 37
   at PDFUtilityUnitTest.HTML2PDFTest.Convert2PDFTest() in D:\workspaces\2012\PDFUtility\PDFUtilityUnitTest\HTML2PDFTest.cs:line 80
</StackTrace>
        </ErrorInfo>
      </Output>
    </UnitTestResult>
  </Results>
</TestRun>