<?xml version="1.0" encoding="UTF-8"?>
<TestRun id="834b7684-9428-4bff-8592-1fc435615e4f" name="249888@D790N0242 2013-06-18 10:49:47" runUser="BAYAD\249888" xmlns="http://microsoft.com/schemas/VisualStudio/TeamTest/2010">
  <TestSettings name="Local" id="c491b1a0-8371-4556-9e0f-c16df634ba10">
    <Description>These are default test settings for a local test run.</Description>
    <Deployment enabled="false" runDeploymentRoot="249888_D790N0242 2013-06-18 10_49_47">
      <DeploymentItem filename="D:\workspaces\2012\RiskRatingProgressModule\bin\Debug\RiskRatingProgressModule.dll" />
      <DeploymentItem filename="D:\workspaces\2012\RiskRatingProgressModuleTest\bin\Debug\log4net.dll" />
      <DeploymentItem filename="D:\workspaces\2012\RiskRatingProgressModuleTest\bin\Debug\Util.dll" />
    </Deployment>
    <Execution>
      <TestTypeSpecific />
      <AgentRule name="Execution Agents">
      </AgentRule>
    </Execution>
  </TestSettings>
  <Times creation="2013-06-18T10:49:47.2366035+07:00" queuing="2013-06-18T10:49:47.4553297+07:00" start="2013-06-18T10:49:47.4553297+07:00" finish="2013-06-18T10:49:48.2208714+07:00" />
  <ResultSummary outcome="Failed">
    <Counters total="16" executed="16" passed="13" error="0" failed="3" timeout="0" aborted="0" inconclusive="0" passedButRunAborted="0" notRunnable="0" notExecuted="0" disconnected="0" warning="0" completed="0" inProgress="0" pending="0" />
  </ResultSummary>
  <TestDefinitions>
    <UnitTest name="DeleteStatusMasterTest" storage="d:\workspaces\2012\riskratingprogressmoduletest\bin\debug\riskratingprogressmoduletest.dll" id="84610bde-f334-0c64-c368-47c38dc4742a">
      <Execution id="b8ffcbf9-f864-4961-a5c0-1c30c08bb761" />
      <TestMethod codeBase="D:/workspaces/2012/RiskRatingProgressModuleTest/bin/Debug/RiskRatingProgressModuleTest.DLL" adapterTypeName="Microsoft.VisualStudio.TestTools.TestTypes.Unit.UnitTestAdapter, Microsoft.VisualStudio.QualityTools.Tips.UnitTest.Adapter, Version=10.0.0.0, Culture=neutral, PublicKeyToken=b03f5f7f11d50a3a" className="RiskRatingProgressModuleTest.RRPServiceTest, RiskRatingProgressModuleTest, Version=1.0.0.0, Culture=neutral, PublicKeyToken=null" name="DeleteStatusMasterTest" />
    </UnitTest>
    <UnitTest name="UpdateIssuesTest" storage="d:\workspaces\2012\riskratingprogressmoduletest\bin\debug\riskratingprogressmoduletest.dll" id="58684e6e-3922-9915-b1cc-f2a33e562873">
      <Execution id="b7507534-36af-45fa-acbb-ab2d07f2a159" />
      <TestMethod codeBase="D:/workspaces/2012/RiskRatingProgressModuleTest/bin/Debug/RiskRatingProgressModuleTest.DLL" adapterTypeName="Microsoft.VisualStudio.TestTools.TestTypes.Unit.UnitTestAdapter, Microsoft.VisualStudio.QualityTools.Tips.UnitTest.Adapter, Version=10.0.0.0, Culture=neutral, PublicKeyToken=b03f5f7f11d50a3a" className="RiskRatingProgressModuleTest.RRPServiceTest, RiskRatingProgressModuleTest, Version=1.0.0.0, Culture=neutral, PublicKeyToken=null" name="UpdateIssuesTest" />
    </UnitTest>
    <UnitTest name="GetStatusMasterByKeyTest" storage="d:\workspaces\2012\riskratingprogressmoduletest\bin\debug\riskratingprogressmoduletest.dll" id="ef8ff8a2-58af-ce80-06a9-972f4675aaac">
      <Execution id="f5621b4a-5e6e-4127-8aa4-4f0e900b3dab" />
      <TestMethod codeBase="D:/workspaces/2012/RiskRatingProgressModuleTest/bin/Debug/RiskRatingProgressModuleTest.DLL" adapterTypeName="Microsoft.VisualStudio.TestTools.TestTypes.Unit.UnitTestAdapter, Microsoft.VisualStudio.QualityTools.Tips.UnitTest.Adapter, Version=10.0.0.0, Culture=neutral, PublicKeyToken=b03f5f7f11d50a3a" className="RiskRatingProgressModuleTest.RRPServiceTest, RiskRatingProgressModuleTest, Version=1.0.0.0, Culture=neutral, PublicKeyToken=null" name="GetStatusMasterByKeyTest" />
    </UnitTest>
    <UnitTest name="GetIssuesAllTest" storage="d:\workspaces\2012\riskratingprogressmoduletest\bin\debug\riskratingprogressmoduletest.dll" id="447847c5-ab16-350d-361b-1760ab8f1d59">
      <Execution id="672610a5-5781-46c0-a7c4-4aabe49b5449" />
      <TestMethod codeBase="D:/workspaces/2012/RiskRatingProgressModuleTest/bin/Debug/RiskRatingProgressModuleTest.DLL" adapterTypeName="Microsoft.VisualStudio.TestTools.TestTypes.Unit.UnitTestAdapter, Microsoft.VisualStudio.QualityTools.Tips.UnitTest.Adapter, Version=10.0.0.0, Culture=neutral, PublicKeyToken=b03f5f7f11d50a3a" className="RiskRatingProgressModuleTest.RRPServiceTest, RiskRatingProgressModuleTest, Version=1.0.0.0, Culture=neutral, PublicKeyToken=null" name="GetIssuesAllTest" />
    </UnitTest>
    <UnitTest name="GetIssuesByUpDateStatusKeyTest" storage="d:\workspaces\2012\riskratingprogressmoduletest\bin\debug\riskratingprogressmoduletest.dll" id="a0d5c397-0919-b642-3905-42be5c826f7a">
      <Execution id="93bb7df6-2732-4095-b8b5-dde8167a5230" />
      <TestMethod codeBase="D:/workspaces/2012/RiskRatingProgressModuleTest/bin/Debug/RiskRatingProgressModuleTest.DLL" adapterTypeName="Microsoft.VisualStudio.TestTools.TestTypes.Unit.UnitTestAdapter, Microsoft.VisualStudio.QualityTools.Tips.UnitTest.Adapter, Version=10.0.0.0, Culture=neutral, PublicKeyToken=b03f5f7f11d50a3a" className="RiskRatingProgressModuleTest.RRPServiceTest, RiskRatingProgressModuleTest, Version=1.0.0.0, Culture=neutral, PublicKeyToken=null" name="GetIssuesByUpDateStatusKeyTest" />
    </UnitTest>
    <UnitTest name="UpdateStatusMasterTest" storage="d:\workspaces\2012\riskratingprogressmoduletest\bin\debug\riskratingprogressmoduletest.dll" id="eeb2fd20-abb8-17bb-8b69-399713edb1f3">
      <Execution id="6b0242cd-a442-4f1d-bd79-4c4f4225ebe5" />
      <TestMethod codeBase="D:/workspaces/2012/RiskRatingProgressModuleTest/bin/Debug/RiskRatingProgressModuleTest.DLL" adapterTypeName="Microsoft.VisualStudio.TestTools.TestTypes.Unit.UnitTestAdapter, Microsoft.VisualStudio.QualityTools.Tips.UnitTest.Adapter, Version=10.0.0.0, Culture=neutral, PublicKeyToken=b03f5f7f11d50a3a" className="RiskRatingProgressModuleTest.RRPServiceTest, RiskRatingProgressModuleTest, Version=1.0.0.0, Culture=neutral, PublicKeyToken=null" name="UpdateStatusMasterTest" />
    </UnitTest>
    <UnitTest name="GetIssuesByEMPIDTest" storage="d:\workspaces\2012\riskratingprogressmoduletest\bin\debug\riskratingprogressmoduletest.dll" id="70413819-cb8d-d06b-9ab3-5fbdb963798e">
      <Execution id="18a82797-1a2f-411f-b220-c78904465e96" />
      <TestMethod codeBase="D:/workspaces/2012/RiskRatingProgressModuleTest/bin/Debug/RiskRatingProgressModuleTest.DLL" adapterTypeName="Microsoft.VisualStudio.TestTools.TestTypes.Unit.UnitTestAdapter, Microsoft.VisualStudio.QualityTools.Tips.UnitTest.Adapter, Version=10.0.0.0, Culture=neutral, PublicKeyToken=b03f5f7f11d50a3a" className="RiskRatingProgressModuleTest.RRPServiceTest, RiskRatingProgressModuleTest, Version=1.0.0.0, Culture=neutral, PublicKeyToken=null" name="GetIssuesByEMPIDTest" />
    </UnitTest>
    <UnitTest name="GetIssuesByCIFTest" storage="d:\workspaces\2012\riskratingprogressmoduletest\bin\debug\riskratingprogressmoduletest.dll" id="18b2c02f-7dc2-ba4b-98df-7a6ad7f8bc45">
      <Execution id="810ad583-0167-438c-b4ed-8c6dae8fe63a" />
      <TestMethod codeBase="D:/workspaces/2012/RiskRatingProgressModuleTest/bin/Debug/RiskRatingProgressModuleTest.DLL" adapterTypeName="Microsoft.VisualStudio.TestTools.TestTypes.Unit.UnitTestAdapter, Microsoft.VisualStudio.QualityTools.Tips.UnitTest.Adapter, Version=10.0.0.0, Culture=neutral, PublicKeyToken=b03f5f7f11d50a3a" className="RiskRatingProgressModuleTest.RRPServiceTest, RiskRatingProgressModuleTest, Version=1.0.0.0, Culture=neutral, PublicKeyToken=null" name="GetIssuesByCIFTest" />
    </UnitTest>
    <UnitTest name="DeleteIssuesTest" storage="d:\workspaces\2012\riskratingprogressmoduletest\bin\debug\riskratingprogressmoduletest.dll" id="8f529d6e-922e-2800-eecd-473e69f337e5">
      <Execution id="9018caaf-2dae-45a6-b16f-d2447016e342" />
      <TestMethod codeBase="D:/workspaces/2012/RiskRatingProgressModuleTest/bin/Debug/RiskRatingProgressModuleTest.DLL" adapterTypeName="Microsoft.VisualStudio.TestTools.TestTypes.Unit.UnitTestAdapter, Microsoft.VisualStudio.QualityTools.Tips.UnitTest.Adapter, Version=10.0.0.0, Culture=neutral, PublicKeyToken=b03f5f7f11d50a3a" className="RiskRatingProgressModuleTest.RRPServiceTest, RiskRatingProgressModuleTest, Version=1.0.0.0, Culture=neutral, PublicKeyToken=null" name="DeleteIssuesTest" />
    </UnitTest>
    <UnitTest name="GetIssuesByKeyTest" storage="d:\workspaces\2012\riskratingprogressmoduletest\bin\debug\riskratingprogressmoduletest.dll" id="c8cbf14c-572f-75cb-4d4f-b6f1222c7cb8">
      <Execution id="b4ba8f80-88b8-4417-9912-347d28e7452f" />
      <TestMethod codeBase="D:/workspaces/2012/RiskRatingProgressModuleTest/bin/Debug/RiskRatingProgressModuleTest.DLL" adapterTypeName="Microsoft.VisualStudio.TestTools.TestTypes.Unit.UnitTestAdapter, Microsoft.VisualStudio.QualityTools.Tips.UnitTest.Adapter, Version=10.0.0.0, Culture=neutral, PublicKeyToken=b03f5f7f11d50a3a" className="RiskRatingProgressModuleTest.RRPServiceTest, RiskRatingProgressModuleTest, Version=1.0.0.0, Culture=neutral, PublicKeyToken=null" name="GetIssuesByKeyTest" />
    </UnitTest>
    <UnitTest name="GetIssuesByUpDateStatusDescTest" storage="d:\workspaces\2012\riskratingprogressmoduletest\bin\debug\riskratingprogressmoduletest.dll" id="7eca3545-77ad-d5fa-ca50-b316ff92a12d">
      <Execution id="163fa71c-f715-418e-9d6e-af3fff8b2bcf" />
      <TestMethod codeBase="D:/workspaces/2012/RiskRatingProgressModuleTest/bin/Debug/RiskRatingProgressModuleTest.DLL" adapterTypeName="Microsoft.VisualStudio.TestTools.TestTypes.Unit.UnitTestAdapter, Microsoft.VisualStudio.QualityTools.Tips.UnitTest.Adapter, Version=10.0.0.0, Culture=neutral, PublicKeyToken=b03f5f7f11d50a3a" className="RiskRatingProgressModuleTest.RRPServiceTest, RiskRatingProgressModuleTest, Version=1.0.0.0, Culture=neutral, PublicKeyToken=null" name="GetIssuesByUpDateStatusDescTest" />
    </UnitTest>
    <UnitTest name="RRPServiceConstructorTest" storage="d:\workspaces\2012\riskratingprogressmoduletest\bin\debug\riskratingprogressmoduletest.dll" id="6b082581-857d-1ac5-e596-6e73cf7931dc">
      <Execution id="491beccc-1ed4-4a16-b5a8-ab4cd396ad6b" />
      <TestMethod codeBase="D:/workspaces/2012/RiskRatingProgressModuleTest/bin/Debug/RiskRatingProgressModuleTest.DLL" adapterTypeName="Microsoft.VisualStudio.TestTools.TestTypes.Unit.UnitTestAdapter, Microsoft.VisualStudio.QualityTools.Tips.UnitTest.Adapter, Version=10.0.0.0, Culture=neutral, PublicKeyToken=b03f5f7f11d50a3a" className="RiskRatingProgressModuleTest.RRPServiceTest, RiskRatingProgressModuleTest, Version=1.0.0.0, Culture=neutral, PublicKeyToken=null" name="RRPServiceConstructorTest" />
    </UnitTest>
    <UnitTest name="UpdateIssuesExceptionTest" storage="d:\workspaces\2012\riskratingprogressmoduletest\bin\debug\riskratingprogressmoduletest.dll" id="888f80c7-a840-c617-453f-8216704c68f7">
      <Execution id="503d7417-07c6-4a91-99e3-1bad880fd02f" />
      <TestMethod codeBase="D:/workspaces/2012/RiskRatingProgressModuleTest/bin/Debug/RiskRatingProgressModuleTest.DLL" adapterTypeName="Microsoft.VisualStudio.TestTools.TestTypes.Unit.UnitTestAdapter, Microsoft.VisualStudio.QualityTools.Tips.UnitTest.Adapter, Version=10.0.0.0, Culture=neutral, PublicKeyToken=b03f5f7f11d50a3a" className="RiskRatingProgressModuleTest.RRPServiceTest, RiskRatingProgressModuleTest, Version=1.0.0.0, Culture=neutral, PublicKeyToken=null" name="UpdateIssuesExceptionTest" />
    </UnitTest>
    <UnitTest name="GetStatusMasterAllTest" storage="d:\workspaces\2012\riskratingprogressmoduletest\bin\debug\riskratingprogressmoduletest.dll" id="0322cfd0-9aba-ecb8-9323-c76ade4770b1">
      <Execution id="8bbf941c-e483-443a-8a40-bb49b751639a" />
      <TestMethod codeBase="D:/workspaces/2012/RiskRatingProgressModuleTest/bin/Debug/RiskRatingProgressModuleTest.DLL" adapterTypeName="Microsoft.VisualStudio.TestTools.TestTypes.Unit.UnitTestAdapter, Microsoft.VisualStudio.QualityTools.Tips.UnitTest.Adapter, Version=10.0.0.0, Culture=neutral, PublicKeyToken=b03f5f7f11d50a3a" className="RiskRatingProgressModuleTest.RRPServiceTest, RiskRatingProgressModuleTest, Version=1.0.0.0, Culture=neutral, PublicKeyToken=null" name="GetStatusMasterAllTest" />
    </UnitTest>
    <UnitTest name="DeleteIssuesByKeyTest" storage="d:\workspaces\2012\riskratingprogressmoduletest\bin\debug\riskratingprogressmoduletest.dll" id="5ddc1206-2658-94bc-1442-7484895c9e9e">
      <Execution id="87cd5c8d-a57d-4b85-9787-151579743882" />
      <TestMethod codeBase="D:/workspaces/2012/RiskRatingProgressModuleTest/bin/Debug/RiskRatingProgressModuleTest.DLL" adapterTypeName="Microsoft.VisualStudio.TestTools.TestTypes.Unit.UnitTestAdapter, Microsoft.VisualStudio.QualityTools.Tips.UnitTest.Adapter, Version=10.0.0.0, Culture=neutral, PublicKeyToken=b03f5f7f11d50a3a" className="RiskRatingProgressModuleTest.RRPServiceTest, RiskRatingProgressModuleTest, Version=1.0.0.0, Culture=neutral, PublicKeyToken=null" name="DeleteIssuesByKeyTest" />
    </UnitTest>
    <UnitTest name="DeleteStatusMasterByKeyTest" storage="d:\workspaces\2012\riskratingprogressmoduletest\bin\debug\riskratingprogressmoduletest.dll" id="d43455c6-bc27-5417-8970-b200d7b7d089">
      <Execution id="43616c58-488d-41ed-a1ca-073d2a533ded" />
      <TestMethod codeBase="D:/workspaces/2012/RiskRatingProgressModuleTest/bin/Debug/RiskRatingProgressModuleTest.DLL" adapterTypeName="Microsoft.VisualStudio.TestTools.TestTypes.Unit.UnitTestAdapter, Microsoft.VisualStudio.QualityTools.Tips.UnitTest.Adapter, Version=10.0.0.0, Culture=neutral, PublicKeyToken=b03f5f7f11d50a3a" className="RiskRatingProgressModuleTest.RRPServiceTest, RiskRatingProgressModuleTest, Version=1.0.0.0, Culture=neutral, PublicKeyToken=null" name="DeleteStatusMasterByKeyTest" />
    </UnitTest>
  </TestDefinitions>
  <TestLists>
    <TestList name="Results Not in a List" id="8c84fa94-04c1-424b-9868-57a2d4851a1d" />
    <TestList name="All Loaded Results" id="19431567-8539-422a-85d7-44ee4e166bda" />
  </TestLists>
  <TestEntries>
    <TestEntry testId="0322cfd0-9aba-ecb8-9323-c76ade4770b1" executionId="8bbf941c-e483-443a-8a40-bb49b751639a" testListId="8c84fa94-04c1-424b-9868-57a2d4851a1d" />
    <TestEntry testId="18b2c02f-7dc2-ba4b-98df-7a6ad7f8bc45" executionId="810ad583-0167-438c-b4ed-8c6dae8fe63a" testListId="8c84fa94-04c1-424b-9868-57a2d4851a1d" />
    <TestEntry testId="447847c5-ab16-350d-361b-1760ab8f1d59" executionId="672610a5-5781-46c0-a7c4-4aabe49b5449" testListId="8c84fa94-04c1-424b-9868-57a2d4851a1d" />
    <TestEntry testId="58684e6e-3922-9915-b1cc-f2a33e562873" executionId="b7507534-36af-45fa-acbb-ab2d07f2a159" testListId="8c84fa94-04c1-424b-9868-57a2d4851a1d" />
    <TestEntry testId="5ddc1206-2658-94bc-1442-7484895c9e9e" executionId="87cd5c8d-a57d-4b85-9787-151579743882" testListId="8c84fa94-04c1-424b-9868-57a2d4851a1d" />
    <TestEntry testId="6b082581-857d-1ac5-e596-6e73cf7931dc" executionId="491beccc-1ed4-4a16-b5a8-ab4cd396ad6b" testListId="8c84fa94-04c1-424b-9868-57a2d4851a1d" />
    <TestEntry testId="70413819-cb8d-d06b-9ab3-5fbdb963798e" executionId="18a82797-1a2f-411f-b220-c78904465e96" testListId="8c84fa94-04c1-424b-9868-57a2d4851a1d" />
    <TestEntry testId="7eca3545-77ad-d5fa-ca50-b316ff92a12d" executionId="163fa71c-f715-418e-9d6e-af3fff8b2bcf" testListId="8c84fa94-04c1-424b-9868-57a2d4851a1d" />
    <TestEntry testId="84610bde-f334-0c64-c368-47c38dc4742a" executionId="b8ffcbf9-f864-4961-a5c0-1c30c08bb761" testListId="8c84fa94-04c1-424b-9868-57a2d4851a1d" />
    <TestEntry testId="888f80c7-a840-c617-453f-8216704c68f7" executionId="503d7417-07c6-4a91-99e3-1bad880fd02f" testListId="8c84fa94-04c1-424b-9868-57a2d4851a1d" />
    <TestEntry testId="8f529d6e-922e-2800-eecd-473e69f337e5" executionId="9018caaf-2dae-45a6-b16f-d2447016e342" testListId="8c84fa94-04c1-424b-9868-57a2d4851a1d" />
    <TestEntry testId="a0d5c397-0919-b642-3905-42be5c826f7a" executionId="93bb7df6-2732-4095-b8b5-dde8167a5230" testListId="8c84fa94-04c1-424b-9868-57a2d4851a1d" />
    <TestEntry testId="c8cbf14c-572f-75cb-4d4f-b6f1222c7cb8" executionId="b4ba8f80-88b8-4417-9912-347d28e7452f" testListId="8c84fa94-04c1-424b-9868-57a2d4851a1d" />
    <TestEntry testId="d43455c6-bc27-5417-8970-b200d7b7d089" executionId="43616c58-488d-41ed-a1ca-073d2a533ded" testListId="8c84fa94-04c1-424b-9868-57a2d4851a1d" />
    <TestEntry testId="eeb2fd20-abb8-17bb-8b69-399713edb1f3" executionId="6b0242cd-a442-4f1d-bd79-4c4f4225ebe5" testListId="8c84fa94-04c1-424b-9868-57a2d4851a1d" />
    <TestEntry testId="ef8ff8a2-58af-ce80-06a9-972f4675aaac" executionId="f5621b4a-5e6e-4127-8aa4-4f0e900b3dab" testListId="8c84fa94-04c1-424b-9868-57a2d4851a1d" />
  </TestEntries>
  <Results>
    <UnitTestResult executionId="8bbf941c-e483-443a-8a40-bb49b751639a" testId="0322cfd0-9aba-ecb8-9323-c76ade4770b1" testName="GetStatusMasterAllTest" computerName="D790N0242" duration="00:00:00.1568626" startTime="2013-06-18T10:49:47.4709530+07:00" endTime="2013-06-18T10:49:47.7834190+07:00" testType="13cdc9d9-ddb5-4fa4-a97d-d965ccfc6d4b" outcome="Passed" testListId="8c84fa94-04c1-424b-9868-57a2d4851a1d" relativeResultsDirectory="8bbf941c-e483-443a-8a40-bb49b751639a">
      <Output>
        <StdOut>log4net: XmlHierarchyConfigurator: Configuration update mode [Merge].
log4net: XmlHierarchyConfigurator: Logger [root] Level string is [DEBUG].
log4net: XmlHierarchyConfigurator: Logger [root] level set to [name="DEBUG",value=30000].
log4net: XmlHierarchyConfigurator: Loading Appender [DebugAppender] type: [log4net.Appender.DebugAppender]
log4net: PatternParser: Converter [message] Option [] Format [min=-1,max=2147483647,leftAlign=False]
log4net: PatternParser: Converter [newline] Option [] Format [min=-1,max=2147483647,leftAlign=False]
log4net: XmlHierarchyConfigurator: Setting Property [ConversionPattern] to String value [%date [%thread] %-5level %logger %property{user} %property{url} - %message%newline]
log4net: PatternParser: Converter [date] Option [] Format [min=-1,max=2147483647,leftAlign=False]
log4net: PatternParser: Converter [literal] Option [ [] Format [min=-1,max=2147483647,leftAlign=False]
log4net: PatternParser: Converter [thread] Option [] Format [min=-1,max=2147483647,leftAlign=False]
log4net: PatternParser: Converter [literal] Option [] ] Format [min=-1,max=2147483647,leftAlign=False]
log4net: PatternParser: Converter [level] Option [] Format [min=5,max=2147483647,leftAlign=True]
log4net: PatternParser: Converter [literal] Option [ ] Format [min=-1,max=2147483647,leftAlign=False]
log4net: PatternParser: Converter [logger] Option [] Format [min=-1,max=2147483647,leftAlign=False]
log4net: PatternParser: Converter [literal] Option [ ] Format [min=-1,max=2147483647,leftAlign=False]
log4net: PatternParser: Converter [property] Option [user] Format [min=-1,max=2147483647,leftAlign=False]
log4net: PatternParser: Converter [literal] Option [ ] Format [min=-1,max=2147483647,leftAlign=False]
log4net: PatternParser: Converter [property] Option [url] Format [min=-1,max=2147483647,leftAlign=False]
log4net: PatternParser: Converter [literal] Option [ - ] Format [min=-1,max=2147483647,leftAlign=False]
log4net: PatternParser: Converter [message] Option [] Format [min=-1,max=2147483647,leftAlign=False]
log4net: PatternParser: Converter [newline] Option [] Format [min=-1,max=2147483647,leftAlign=False]
log4net: XmlHierarchyConfigurator: Setting Property [Layout] to object [log4net.Layout.PatternLayout]
log4net: XmlHierarchyConfigurator: Created Appender [DebugAppender]
log4net: XmlHierarchyConfigurator: Adding appender named [DebugAppender] to logger [root].
log4net: XmlHierarchyConfigurator: Loading Appender [FileAppender] type: [log4net.Appender.RollingFileAppender]
log4net: XmlHierarchyConfigurator: Parameter [file] specified subtype [log4net.Util.PatternString]
log4net: PatternParser: Converter [literal] Option [./log/RiskRatingProgress.log] Format [min=-1,max=2147483647,leftAlign=False]
log4net: XmlHierarchyConfigurator: Performing additional conversion of value from [PatternString] to [String]
log4net: XmlHierarchyConfigurator: Setting Property [File] to String value [./log/RiskRatingProgress.log]
log4net: XmlHierarchyConfigurator: Setting Property [AppendToFile] to Boolean value [True]
log4net: XmlHierarchyConfigurator: Setting Property [RollingStyle] to RollingMode value [Date]
log4net: XmlHierarchyConfigurator: Setting Property [DatePattern] to String value [yyyy-MM-dd]
log4net: PatternParser: Converter [message] Option [] Format [min=-1,max=2147483647,leftAlign=False]
log4net: PatternParser: Converter [newline] Option [] Format [min=-1,max=2147483647,leftAlign=False]
log4net: XmlHierarchyConfigurator: Setting Property [ConversionPattern] to String value [%date [%thread] %-5level %logger %property{user} %property{url} - %message%newline]
log4net: PatternParser: Converter [date] Option [] Format [min=-1,max=2147483647,leftAlign=False]
log4net: PatternParser: Converter [literal] Option [ [] Format [min=-1,max=2147483647,leftAlign=False]
log4net: PatternParser: Converter [thread] Option [] Format [min=-1,max=2147483647,leftAlign=False]
log4net: PatternParser: Converter [literal] Option [] ] Format [min=-1,max=2147483647,leftAlign=False]
log4net: PatternParser: Converter [level] Option [] Format [min=5,max=2147483647,leftAlign=True]
log4net: PatternParser: Converter [literal] Option [ ] Format [min=-1,max=2147483647,leftAlign=False]
log4net: PatternParser: Converter [logger] Option [] Format [min=-1,max=2147483647,leftAlign=False]
log4net: PatternParser: Converter [literal] Option [ ] Format [min=-1,max=2147483647,leftAlign=False]
log4net: PatternParser: Converter [property] Option [user] Format [min=-1,max=2147483647,leftAlign=False]
log4net: PatternParser: Converter [literal] Option [ ] Format [min=-1,max=2147483647,leftAlign=False]
log4net: PatternParser: Converter [property] Option [url] Format [min=-1,max=2147483647,leftAlign=False]
log4net: PatternParser: Converter [literal] Option [ - ] Format [min=-1,max=2147483647,leftAlign=False]
log4net: PatternParser: Converter [message] Option [] Format [min=-1,max=2147483647,leftAlign=False]
log4net: PatternParser: Converter [newline] Option [] Format [min=-1,max=2147483647,leftAlign=False]
log4net: XmlHierarchyConfigurator: Setting Property [Layout] to object [log4net.Layout.PatternLayout]
log4net: RollingFileAppender: Type = [0], r0 = [1970-01-01], r1 = [1970-01-01]
log4net: RollingFileAppender: Type = [1], r0 = [1970-01-01], r1 = [1970-01-01]
log4net: RollingFileAppender: Type = [2], r0 = [1970-01-01], r1 = [1970-01-01]
log4net: RollingFileAppender: Type = [3], r0 = [1970-01-01], r1 = [1970-01-02]
log4net: RollingFileAppender: Searched for existing files in [D:\workspaces\2012\RiskRatingProgressModuleTest\bin\Debug\log]
log4net: RollingFileAppender: curSizeRollBackups starts at [0]
log4net: RollingFileAppender: [2013-06-18] vs. [2013-06-18]
log4net: FileAppender: Opening file for writing [D:\workspaces\2012\RiskRatingProgressModuleTest\bin\Debug\log\RiskRatingProgress.log] append [True]
log4net: XmlHierarchyConfigurator: Created Appender [FileAppender]
log4net: XmlHierarchyConfigurator: Adding appender named [FileAppender] to logger [root].
log4net: XmlHierarchyConfigurator: Hierarchy Threshold []</StdOut>
        <DebugTrace>log4net: XmlHierarchyConfigurator: Configuration update mode [Merge].
log4net: XmlHierarchyConfigurator: Logger [root] Level string is [DEBUG].
log4net: XmlHierarchyConfigurator: Logger [root] level set to [name="DEBUG",value=30000].
log4net: XmlHierarchyConfigurator: Loading Appender [DebugAppender] type: [log4net.Appender.DebugAppender]
log4net: PatternParser: Converter [message] Option [] Format [min=-1,max=2147483647,leftAlign=False]
log4net: PatternParser: Converter [newline] Option [] Format [min=-1,max=2147483647,leftAlign=False]
log4net: XmlHierarchyConfigurator: Setting Property [ConversionPattern] to String value [%date [%thread] %-5level %logger %property{user} %property{url} - %message%newline]
log4net: PatternParser: Converter [date] Option [] Format [min=-1,max=2147483647,leftAlign=False]
log4net: PatternParser: Converter [literal] Option [ [] Format [min=-1,max=2147483647,leftAlign=False]
log4net: PatternParser: Converter [thread] Option [] Format [min=-1,max=2147483647,leftAlign=False]
log4net: PatternParser: Converter [literal] Option [] ] Format [min=-1,max=2147483647,leftAlign=False]
log4net: PatternParser: Converter [level] Option [] Format [min=5,max=2147483647,leftAlign=True]
log4net: PatternParser: Converter [literal] Option [ ] Format [min=-1,max=2147483647,leftAlign=False]
log4net: PatternParser: Converter [logger] Option [] Format [min=-1,max=2147483647,leftAlign=False]
log4net: PatternParser: Converter [literal] Option [ ] Format [min=-1,max=2147483647,leftAlign=False]
log4net: PatternParser: Converter [property] Option [user] Format [min=-1,max=2147483647,leftAlign=False]
log4net: PatternParser: Converter [literal] Option [ ] Format [min=-1,max=2147483647,leftAlign=False]
log4net: PatternParser: Converter [property] Option [url] Format [min=-1,max=2147483647,leftAlign=False]
log4net: PatternParser: Converter [literal] Option [ - ] Format [min=-1,max=2147483647,leftAlign=False]
log4net: PatternParser: Converter [message] Option [] Format [min=-1,max=2147483647,leftAlign=False]
log4net: PatternParser: Converter [newline] Option [] Format [min=-1,max=2147483647,leftAlign=False]
log4net: XmlHierarchyConfigurator: Setting Property [Layout] to object [log4net.Layout.PatternLayout]
log4net: XmlHierarchyConfigurator: Created Appender [DebugAppender]
log4net: XmlHierarchyConfigurator: Adding appender named [DebugAppender] to logger [root].
log4net: XmlHierarchyConfigurator: Loading Appender [FileAppender] type: [log4net.Appender.RollingFileAppender]
log4net: XmlHierarchyConfigurator: Parameter [file] specified subtype [log4net.Util.PatternString]
log4net: PatternParser: Converter [literal] Option [./log/RiskRatingProgress.log] Format [min=-1,max=2147483647,leftAlign=False]
log4net: XmlHierarchyConfigurator: Performing additional conversion of value from [PatternString] to [String]
log4net: XmlHierarchyConfigurator: Setting Property [File] to String value [./log/RiskRatingProgress.log]
log4net: XmlHierarchyConfigurator: Setting Property [AppendToFile] to Boolean value [True]
log4net: XmlHierarchyConfigurator: Setting Property [RollingStyle] to RollingMode value [Date]
log4net: XmlHierarchyConfigurator: Setting Property [DatePattern] to String value [yyyy-MM-dd]
log4net: PatternParser: Converter [message] Option [] Format [min=-1,max=2147483647,leftAlign=False]
log4net: PatternParser: Converter [newline] Option [] Format [min=-1,max=2147483647,leftAlign=False]
log4net: XmlHierarchyConfigurator: Setting Property [ConversionPattern] to String value [%date [%thread] %-5level %logger %property{user} %property{url} - %message%newline]
log4net: PatternParser: Converter [date] Option [] Format [min=-1,max=2147483647,leftAlign=False]
log4net: PatternParser: Converter [literal] Option [ [] Format [min=-1,max=2147483647,leftAlign=False]
log4net: PatternParser: Converter [thread] Option [] Format [min=-1,max=2147483647,leftAlign=False]
log4net: PatternParser: Converter [literal] Option [] ] Format [min=-1,max=2147483647,leftAlign=False]
log4net: PatternParser: Converter [level] Option [] Format [min=5,max=2147483647,leftAlign=True]
log4net: PatternParser: Converter [literal] Option [ ] Format [min=-1,max=2147483647,leftAlign=False]
log4net: PatternParser: Converter [logger] Option [] Format [min=-1,max=2147483647,leftAlign=False]
log4net: PatternParser: Converter [literal] Option [ ] Format [min=-1,max=2147483647,leftAlign=False]
log4net: PatternParser: Converter [property] Option [user] Format [min=-1,max=2147483647,leftAlign=False]
log4net: PatternParser: Converter [literal] Option [ ] Format [min=-1,max=2147483647,leftAlign=False]
log4net: PatternParser: Converter [property] Option [url] Format [min=-1,max=2147483647,leftAlign=False]
log4net: PatternParser: Converter [literal] Option [ - ] Format [min=-1,max=2147483647,leftAlign=False]
log4net: PatternParser: Converter [message] Option [] Format [min=-1,max=2147483647,leftAlign=False]
log4net: PatternParser: Converter [newline] Option [] Format [min=-1,max=2147483647,leftAlign=False]
log4net: XmlHierarchyConfigurator: Setting Property [Layout] to object [log4net.Layout.PatternLayout]
log4net: RollingFileAppender: Type = [0], r0 = [1970-01-01], r1 = [1970-01-01]
log4net: RollingFileAppender: Type = [1], r0 = [1970-01-01], r1 = [1970-01-01]
log4net: RollingFileAppender: Type = [2], r0 = [1970-01-01], r1 = [1970-01-01]
log4net: RollingFileAppender: Type = [3], r0 = [1970-01-01], r1 = [1970-01-02]
log4net: RollingFileAppender: Searched for existing files in [D:\workspaces\2012\RiskRatingProgressModuleTest\bin\Debug\log]
log4net: RollingFileAppender: curSizeRollBackups starts at [0]
log4net: RollingFileAppender: [2013-06-18] vs. [2013-06-18]
log4net: FileAppender: Opening file for writing [D:\workspaces\2012\RiskRatingProgressModuleTest\bin\Debug\log\RiskRatingProgress.log] append [True]
log4net: XmlHierarchyConfigurator: Created Appender [FileAppender]
log4net: XmlHierarchyConfigurator: Adding appender named [FileAppender] to logger [root].
log4net: XmlHierarchyConfigurator: Hierarchy Threshold []
</DebugTrace>
      </Output>
    </UnitTestResult>
    <UnitTestResult executionId="810ad583-0167-438c-b4ed-8c6dae8fe63a" testId="18b2c02f-7dc2-ba4b-98df-7a6ad7f8bc45" testName="GetIssuesByCIFTest" computerName="D790N0242" duration="00:00:00.0401849" startTime="2013-06-18T10:49:47.7834190+07:00" endTime="2013-06-18T10:49:47.8302889+07:00" testType="13cdc9d9-ddb5-4fa4-a97d-d965ccfc6d4b" outcome="Passed" testListId="8c84fa94-04c1-424b-9868-57a2d4851a1d" relativeResultsDirectory="810ad583-0167-438c-b4ed-8c6dae8fe63a">
    </UnitTestResult>
    <UnitTestResult executionId="672610a5-5781-46c0-a7c4-4aabe49b5449" testId="447847c5-ab16-350d-361b-1760ab8f1d59" testName="GetIssuesAllTest" computerName="D790N0242" duration="00:00:00.0358970" startTime="2013-06-18T10:49:47.8302889+07:00" endTime="2013-06-18T10:49:47.8615355+07:00" testType="13cdc9d9-ddb5-4fa4-a97d-d965ccfc6d4b" outcome="Passed" testListId="8c84fa94-04c1-424b-9868-57a2d4851a1d" relativeResultsDirectory="672610a5-5781-46c0-a7c4-4aabe49b5449">
    </UnitTestResult>
    <UnitTestResult executionId="b7507534-36af-45fa-acbb-ab2d07f2a159" testId="58684e6e-3922-9915-b1cc-f2a33e562873" testName="UpdateIssuesTest" computerName="D790N0242" duration="00:00:00.0814595" startTime="2013-06-18T10:49:47.8771588+07:00" endTime="2013-06-18T10:49:47.9552753+07:00" testType="13cdc9d9-ddb5-4fa4-a97d-d965ccfc6d4b" outcome="Failed" testListId="8c84fa94-04c1-424b-9868-57a2d4851a1d" relativeResultsDirectory="b7507534-36af-45fa-acbb-ab2d07f2a159">
      <Output>
        <DebugTrace>RiskRatingProgressModule.Service.RRPService: 2013-06-18 10:49:47,877 [Agent: adapter run thread for test 'UpdateIssuesTest' with id 'b7507534-36af-45fa-acbb-ab2d07f2a159'] DEBUG RiskRatingProgressModule.Service.RRPService (null) (null) - idenKey:1
RiskRatingProgressModule.Service.RRPService: 2013-06-18 10:49:47,939 [Agent: adapter run thread for test 'UpdateIssuesTest' with id 'b7507534-36af-45fa-acbb-ab2d07f2a159'] DEBUG RiskRatingProgressModule.Service.RRPService (null) (null) - idenKey:1
</DebugTrace>
        <ErrorInfo>
          <Message>Assert.AreEqual failed. Expected:&lt;False&gt;. Actual:&lt;True&gt;. </Message>
          <StackTrace>   at RiskRatingProgressModuleTest.RRPServiceTest.UpdateIssuesTest() in D:\workspaces\2012\RiskRatingProgressModuleTest\RRPServiceTest.cs:line 355
</StackTrace>
        </ErrorInfo>
      </Output>
    </UnitTestResult>
    <UnitTestResult executionId="87cd5c8d-a57d-4b85-9787-151579743882" testId="5ddc1206-2658-94bc-1442-7484895c9e9e" testName="DeleteIssuesByKeyTest" computerName="D790N0242" duration="00:00:00.0164135" startTime="2013-06-18T10:49:47.9552753+07:00" endTime="2013-06-18T10:49:47.9708986+07:00" testType="13cdc9d9-ddb5-4fa4-a97d-d965ccfc6d4b" outcome="Passed" testListId="8c84fa94-04c1-424b-9868-57a2d4851a1d" relativeResultsDirectory="87cd5c8d-a57d-4b85-9787-151579743882">
      <Output>
        <DebugTrace>RiskRatingProgressModule.Service.RRPService: 2013-06-18 10:49:47,970 [Agent: adapter run thread for test 'DeleteIssuesByKeyTest' with id '87cd5c8d-a57d-4b85-9787-151579743882'] DEBUG RiskRatingProgressModule.Service.RRPService (null) (null) - idenKey:1
</DebugTrace>
      </Output>
    </UnitTestResult>
    <UnitTestResult executionId="491beccc-1ed4-4a16-b5a8-ab4cd396ad6b" testId="6b082581-857d-1ac5-e596-6e73cf7931dc" testName="RRPServiceConstructorTest" computerName="D790N0242" duration="00:00:00.0001368" startTime="2013-06-18T10:49:47.9708986+07:00" endTime="2013-06-18T10:49:47.9865219+07:00" testType="13cdc9d9-ddb5-4fa4-a97d-d965ccfc6d4b" outcome="Passed" testListId="8c84fa94-04c1-424b-9868-57a2d4851a1d" relativeResultsDirectory="491beccc-1ed4-4a16-b5a8-ab4cd396ad6b">
    </UnitTestResult>
    <UnitTestResult executionId="18a82797-1a2f-411f-b220-c78904465e96" testId="70413819-cb8d-d06b-9ab3-5fbdb963798e" testName="GetIssuesByEMPIDTest" computerName="D790N0242" duration="00:00:00.0188691" startTime="2013-06-18T10:49:47.9865219+07:00" endTime="2013-06-18T10:49:48.0021452+07:00" testType="13cdc9d9-ddb5-4fa4-a97d-d965ccfc6d4b" outcome="Passed" testListId="8c84fa94-04c1-424b-9868-57a2d4851a1d" relativeResultsDirectory="18a82797-1a2f-411f-b220-c78904465e96">
      <Output>
        <DebugTrace>RiskRatingProgressModule.Service.RRPService: 2013-06-18 10:49:47,986 [Agent: adapter run thread for test 'GetIssuesByEMPIDTest' with id '18a82797-1a2f-411f-b220-c78904465e96'] DEBUG RiskRatingProgressModule.Service.RRPService (null) (null) - empId:245191
</DebugTrace>
      </Output>
    </UnitTestResult>
    <UnitTestResult executionId="163fa71c-f715-418e-9d6e-af3fff8b2bcf" testId="7eca3545-77ad-d5fa-ca50-b316ff92a12d" testName="GetIssuesByUpDateStatusDescTest" computerName="D790N0242" duration="00:00:00.0149225" startTime="2013-06-18T10:49:48.0021452+07:00" endTime="2013-06-18T10:49:48.0177685+07:00" testType="13cdc9d9-ddb5-4fa4-a97d-d965ccfc6d4b" outcome="Passed" testListId="8c84fa94-04c1-424b-9868-57a2d4851a1d" relativeResultsDirectory="163fa71c-f715-418e-9d6e-af3fff8b2bcf">
    </UnitTestResult>
    <UnitTestResult executionId="b8ffcbf9-f864-4961-a5c0-1c30c08bb761" testId="84610bde-f334-0c64-c368-47c38dc4742a" testName="DeleteStatusMasterTest" computerName="D790N0242" duration="00:00:00.0362895" startTime="2013-06-18T10:49:48.0333918+07:00" endTime="2013-06-18T10:49:48.0646384+07:00" testType="13cdc9d9-ddb5-4fa4-a97d-d965ccfc6d4b" outcome="Passed" testListId="8c84fa94-04c1-424b-9868-57a2d4851a1d" relativeResultsDirectory="b8ffcbf9-f864-4961-a5c0-1c30c08bb761">
    </UnitTestResult>
    <UnitTestResult executionId="503d7417-07c6-4a91-99e3-1bad880fd02f" testId="888f80c7-a840-c617-453f-8216704c68f7" testName="UpdateIssuesExceptionTest" computerName="D790N0242" duration="00:00:00.0173248" startTime="2013-06-18T10:49:48.0646384+07:00" endTime="2013-06-18T10:49:48.0802617+07:00" testType="13cdc9d9-ddb5-4fa4-a97d-d965ccfc6d4b" outcome="Failed" testListId="8c84fa94-04c1-424b-9868-57a2d4851a1d" relativeResultsDirectory="503d7417-07c6-4a91-99e3-1bad880fd02f">
      <Output>
        <DebugTrace>RiskRatingProgressModule.Service.RRPService: 2013-06-18 10:49:48,064 [Agent: adapter run thread for test 'UpdateIssuesExceptionTest' with id '503d7417-07c6-4a91-99e3-1bad880fd02f'] DEBUG RiskRatingProgressModule.Service.RRPService (null) (null) - idenKey:1
</DebugTrace>
        <ErrorInfo>
          <Message>Test method RiskRatingProgressModuleTest.RRPServiceTest.UpdateIssuesExceptionTest did not throw expected exception System.Data.SqlClient.SqlException.</Message>
        </ErrorInfo>
      </Output>
    </UnitTestResult>
    <UnitTestResult executionId="9018caaf-2dae-45a6-b16f-d2447016e342" testId="8f529d6e-922e-2800-eecd-473e69f337e5" testName="DeleteIssuesTest" computerName="D790N0242" duration="00:00:00.0218899" startTime="2013-06-18T10:49:48.0958850+07:00" endTime="2013-06-18T10:49:48.1115083+07:00" testType="13cdc9d9-ddb5-4fa4-a97d-d965ccfc6d4b" outcome="Passed" testListId="8c84fa94-04c1-424b-9868-57a2d4851a1d" relativeResultsDirectory="9018caaf-2dae-45a6-b16f-d2447016e342">
      <Output>
        <DebugTrace>RiskRatingProgressModule.Service.RRPService: 2013-06-18 10:49:48,095 [Agent: adapter run thread for test 'DeleteIssuesTest' with id '9018caaf-2dae-45a6-b16f-d2447016e342'] DEBUG RiskRatingProgressModule.Service.RRPService (null) (null) - idenKey:1
RiskRatingProgressModule.Service.RRPService: 2013-06-18 10:49:48,111 [Agent: adapter run thread for test 'DeleteIssuesTest' with id '9018caaf-2dae-45a6-b16f-d2447016e342'] DEBUG RiskRatingProgressModule.Service.RRPService (null) (null) - idenKey:1
</DebugTrace>
      </Output>
    </UnitTestResult>
    <UnitTestResult executionId="93bb7df6-2732-4095-b8b5-dde8167a5230" testId="a0d5c397-0919-b642-3905-42be5c826f7a" testName="GetIssuesByUpDateStatusKeyTest" computerName="D790N0242" duration="00:00:00.0104728" startTime="2013-06-18T10:49:48.1115083+07:00" endTime="2013-06-18T10:49:48.1271316+07:00" testType="13cdc9d9-ddb5-4fa4-a97d-d965ccfc6d4b" outcome="Passed" testListId="8c84fa94-04c1-424b-9868-57a2d4851a1d" relativeResultsDirectory="93bb7df6-2732-4095-b8b5-dde8167a5230">
    </UnitTestResult>
    <UnitTestResult executionId="b4ba8f80-88b8-4417-9912-347d28e7452f" testId="c8cbf14c-572f-75cb-4d4f-b6f1222c7cb8" testName="GetIssuesByKeyTest" computerName="D790N0242" duration="00:00:00.0075020" startTime="2013-06-18T10:49:48.1271316+07:00" endTime="2013-06-18T10:49:48.1427549+07:00" testType="13cdc9d9-ddb5-4fa4-a97d-d965ccfc6d4b" outcome="Passed" testListId="8c84fa94-04c1-424b-9868-57a2d4851a1d" relativeResultsDirectory="b4ba8f80-88b8-4417-9912-347d28e7452f">
      <Output>
        <DebugTrace>RiskRatingProgressModule.Service.RRPService: 2013-06-18 10:49:48,127 [Agent: adapter run thread for test 'GetIssuesByKeyTest' with id 'b4ba8f80-88b8-4417-9912-347d28e7452f'] DEBUG RiskRatingProgressModule.Service.RRPService (null) (null) - idenKey:1
</DebugTrace>
      </Output>
    </UnitTestResult>
    <UnitTestResult executionId="43616c58-488d-41ed-a1ca-073d2a533ded" testId="d43455c6-bc27-5417-8970-b200d7b7d089" testName="DeleteStatusMasterByKeyTest" computerName="D790N0242" duration="00:00:00.0117213" startTime="2013-06-18T10:49:48.1427549+07:00" endTime="2013-06-18T10:49:48.1583782+07:00" testType="13cdc9d9-ddb5-4fa4-a97d-d965ccfc6d4b" outcome="Passed" testListId="8c84fa94-04c1-424b-9868-57a2d4851a1d" relativeResultsDirectory="43616c58-488d-41ed-a1ca-073d2a533ded">
    </UnitTestResult>
    <UnitTestResult executionId="6b0242cd-a442-4f1d-bd79-4c4f4225ebe5" testId="eeb2fd20-abb8-17bb-8b69-399713edb1f3" testName="UpdateStatusMasterTest" computerName="D790N0242" duration="00:00:00.0168767" startTime="2013-06-18T10:49:48.1583782+07:00" endTime="2013-06-18T10:49:48.1740015+07:00" testType="13cdc9d9-ddb5-4fa4-a97d-d965ccfc6d4b" outcome="Passed" testListId="8c84fa94-04c1-424b-9868-57a2d4851a1d" relativeResultsDirectory="6b0242cd-a442-4f1d-bd79-4c4f4225ebe5">
      <Output>
        <DebugTrace>RiskRatingProgressModule.Service.RRPService: 2013-06-18 10:49:48,174 [Agent: adapter run thread for test 'UpdateStatusMasterTest' with id '6b0242cd-a442-4f1d-bd79-4c4f4225ebe5'] DEBUG RiskRatingProgressModule.Service.RRPService (null) (null) - UpdateStatusMaster Invoking.
RiskRatingProgressModule.Service.RRPService: 2013-06-18 10:49:48,174 [Agent: adapter run thread for test 'UpdateStatusMasterTest' with id '6b0242cd-a442-4f1d-bd79-4c4f4225ebe5'] DEBUG RiskRatingProgressModule.Service.RRPService (null) (null) - UnitOfWork Scope.
RiskRatingProgressModule.Service.RRPService: 2013-06-18 10:49:48,174 [Agent: adapter run thread for test 'UpdateStatusMasterTest' with id '6b0242cd-a442-4f1d-bd79-4c4f4225ebe5'] DEBUG RiskRatingProgressModule.Service.RRPService (null) (null) - rrpsEntity is not null.
RiskRatingProgressModule.Service.RRPService: 2013-06-18 10:49:48,174 [Agent: adapter run thread for test 'UpdateStatusMasterTest' with id '6b0242cd-a442-4f1d-bd79-4c4f4225ebe5'] DEBUG RiskRatingProgressModule.Service.RRPService (null) (null) - rrpsEntity is saved.
RiskRatingProgressModule.Service.RRPService: 2013-06-18 10:49:48,174 [Agent: adapter run thread for test 'UpdateStatusMasterTest' with id '6b0242cd-a442-4f1d-bd79-4c4f4225ebe5'] DEBUG RiskRatingProgressModule.Service.RRPService (null) (null) - UpdateStatusMaster Invoked.
</DebugTrace>
      </Output>
    </UnitTestResult>
    <UnitTestResult executionId="f5621b4a-5e6e-4127-8aa4-4f0e900b3dab" testId="ef8ff8a2-58af-ce80-06a9-972f4675aaac" testName="GetStatusMasterByKeyTest" computerName="D790N0242" duration="00:00:00.0066407" startTime="2013-06-18T10:49:48.1896248+07:00" endTime="2013-06-18T10:49:48.1896248+07:00" testType="13cdc9d9-ddb5-4fa4-a97d-d965ccfc6d4b" outcome="Failed" testListId="8c84fa94-04c1-424b-9868-57a2d4851a1d" relativeResultsDirectory="f5621b4a-5e6e-4127-8aa4-4f0e900b3dab">
      <Output>
        <ErrorInfo>
          <Message>Assert.AreEqual failed. Expected:&lt;True&gt;. Actual:&lt;False&gt;. </Message>
          <StackTrace>   at RiskRatingProgressModuleTest.RRPServiceTest.GetStatusMasterByKeyTest() in D:\workspaces\2012\RiskRatingProgressModuleTest\RRPServiceTest.cs:line 436
</StackTrace>
        </ErrorInfo>
      </Output>
    </UnitTestResult>
  </Results>
</TestRun>